#
# A fatal error has been detected by the Java Runtime Environment:
#
#  SIGSEGV (0xb) at pc=0x00007f7102014a9b, pid=30824, tid=0x00007f70abf91700
#
# JRE version: OpenJDK Runtime Environment (8.0_131-b12) (build 1.8.0_131-b12)
# Java VM: OpenJDK 64-Bit Server VM (25.131-b12 mixed mode linux-amd64 compressed oops)
# Problematic frame:
# V  [libjvm.so+0x957a9b]
#
# Core dump written. Default location: /home/france/Documents/unitn/BigData/BigPP/core or core.30824
#
# If you would like to submit a bug report, please visit:
#   http://bugreport.java.com/bugreport/crash.jsp
#

---------------  T H R E A D  ---------------

Current thread (0x00007f70bc02e000):  GCTaskThread [stack: 0x00007f70abe91000,0x00007f70abf92000] [id=30840]

siginfo: si_signo: 11 (SIGSEGV), si_code: 1 (SEGV_MAPERR), si_addr: 0x0000000000000008

Registers:
RAX=0x0000000000000000, RBX=0x0000000776cd0000, RCX=0x0000000000000003, RDX=0x00007f7102683100
RSP=0x00007f70abf90ca8, RBP=0x00007f70abf90d30, RSI=0x0000000776cd0000, RDI=0x00007f70abf90d90
R8 =0x0000000000382680, R9 =0x000000000f750000, R10=0x00007f7102014a60, R11=0x00007f71026aac20
R12=0x00007f70abf90d60, R13=0x000000000e09a002, R14=0x0000000000000003, R15=0x00007f70abf90d90
RIP=0x00007f7102014a9b, EFLAGS=0x0000000000010246, CSGSFS=0x002b000000000033, ERR=0x0000000000000004
  TRAPNO=0x000000000000000e

Top of Stack: (sp=0x00007f70abf90ca8)
0x00007f70abf90ca8:   00007f7101fc8e6c 00000001a918b7b8
0x00007f70abf90cb8:   000000000f74ffff 00000000003dd400
0x00007f70abf90cc8:   000000000039a800 000000000f750000
0x00007f70abf90cd8:   00000007c00d2af0 000000000e6a0000
0x00007f70abf90ce8:   00007f7102671cc8 000000000e6a0000
0x00007f70abf90cf8:   00007f71026aaaa0 00007f71026a6d8c
0x00007f70abf90d08:   0000000000022d58 0000000000000e6a
0x00007f70abf90d18:   00007f71022538f3 0000000706800000
0x00007f70abf90d28:   00007f7082340000 00007f70abf90e00
0x00007f70abf90d38:   00007f7102018def 0000000001bde000
0x00007f70abf90d48:   00007f7082340000 0000000000000000
0x00007f70abf90d58:   0000000000000000 00007f71025e1fd0
0x00007f70abf90d68:   00007f71026aaaa0 00007f70bc1577b0
0x00007f70abf90d78:   ffffffffffffffff 0000000000000000
0x00007f70abf90d88:   00007f70bc01dde0 00007f71025e20f8
0x00007f70abf90d98:   00007f71026aaaa0 00007f70bc1577b0
0x00007f70abf90da8:   ffffffffffffffff 0000000000000000
0x00007f70abf90db8:   00007f7000000000 00007f70bc01dde0
0x00007f70abf90dc8:   d47c9baa7b526d00 00007f70abf90e00
0x00007f70abf90dd8:   0000000000000001 00007f70740bcde0
0x00007f70abf90de8:   00007f71022538f3 00007f70bc02e000
0x00007f70abf90df8:   00007f71026a0f08 00007f70abf90f10
0x00007f70abf90e08:   00007f7101c83d12 00000000000003d8
0x00007f70abf90e18:   00007f70bc02ece8 00007f70bc02e910
0x00007f70abf90e28:   00007f70abf90ea0 00007f70bc02e8c0
0x00007f70abf90e38:   00007f70bc02e900 00007f70abf90e50
0x00007f70abf90e48:   0000000000000000 0000000000000000
0x00007f70abf90e58:   00007f70bc02e000 00007f70bc02e000
0x00007f70abf90e68:   00007f70bc02ecf0 00007f70bc02ed30
0x00007f70abf90e78:   00007f70bc02ed40 00007f70bc02ee18
0x00007f70abf90e88:   00000000000000d8 00007f70bc02ef50
0x00007f70abf90e98:   00007f70bc02e000 00007f70bc02e000 

Instructions: (pc=0x00007f7102014a9b)
0x00007f7102014a7b:   11 48 8d 05 e6 c6 68 00 80 38 00 74 28 48 8d 15
0x00007f7102014a8b:   71 e6 66 00 8b 46 08 8b 4a 08 48 d3 e0 48 03 02
0x00007f7102014a9b:   81 78 08 ff ff ff bf 76 19 31 c0 c3 66 0f 1f 84
0x00007f7102014aab:   00 00 00 00 00 48 8b 46 08 81 78 08 ff ff ff bf 

Register to memory mapping:

RAX=0x0000000000000000 is an unknown value
RBX=
[error occurred during error reporting (printing register info), id 0xb]

Stack: [0x00007f70abe91000,0x00007f70abf92000],  sp=0x00007f70abf90ca8,  free space=1023k
Native frames: (J=compiled Java code, j=interpreted, Vv=VM code, C=native code)
V  [libjvm.so+0x957a9b]
V  [libjvm.so+0x95bdef]
V  [libjvm.so+0x5c6d12]
V  [libjvm.so+0x8edf62]


---------------  P R O C E S S  ---------------

Java Threads: ( => current thread )
  0x00007f6de800b800 JavaThread "Executor task launch worker-5" daemon [_thread_blocked, id=31010, stack(0x00007f6187ffa000,0x00007f61c7ffb000)]
  0x00007f6de8009800 JavaThread "task-result-getter-3" daemon [_thread_blocked, id=31003, stack(0x00007f6357ffe000,0x00007f6397fff000)]
  0x00007f6de8007800 JavaThread "task-result-getter-2" daemon [_thread_blocked, id=31002, stack(0x00007f6397fff000,0x00007f63d8000000)]
  0x00007f6de8006000 JavaThread "task-result-getter-1" daemon [_thread_blocked, id=31001, stack(0x00007f63e7ffe000,0x00007f6427fff000)]
  0x00007f6de8004800 JavaThread "task-result-getter-0" daemon [_thread_blocked, id=31000, stack(0x00007f6427fff000,0x00007f6468000000)]
  0x00007f6d501c1000 JavaThread "Executor task launch worker-3" daemon [_thread_blocked, id=30999, stack(0x00007f646ffff000,0x00007f64b0000000)]
  0x00007f6d501bf800 JavaThread "Executor task launch worker-2" daemon [_thread_blocked, id=30998, stack(0x00007f64b7fff000,0x00007f64f8000000)]
  0x00007f6d501b9000 JavaThread "Executor task launch worker-0" daemon [_thread_blocked, id=30996, stack(0x00007f653ffff000,0x00007f6580000000)]
  0x00007f70bd2a8800 JavaThread "SparkListenerBus" daemon [_thread_blocked, id=30916, stack(0x00007f658fffe000,0x00007f65cffff000)]
  0x00007f70bd2a4800 JavaThread "context-cleaner-periodic-gc" daemon [_thread_blocked, id=30915, stack(0x00007f65cffff000,0x00007f6610000000)]
  0x00007f70bd2a3000 JavaThread "Spark Context Cleaner" daemon [_thread_blocked, id=30914, stack(0x00007f6617fff000,0x00007f6658000000)]
  0x00007f70bd071800 JavaThread "shuffle-server-5-1" daemon [_thread_blocked, id=30913, stack(0x00007f665ffff000,0x00007f66a0000000)]
  0x00007f70bd06d800 JavaThread "driver-heartbeater" daemon [_thread_blocked, id=30912, stack(0x00007f66a7fff000,0x00007f66e8000000)]
  0x00007f70bd052800 JavaThread "dag-scheduler-event-loop" daemon [_thread_blocked, id=30911, stack(0x00007f66effff000,0x00007f6730000000)]
  0x00007f67c0005800 JavaThread "netty-rpc-env-timeout" daemon [_thread_blocked, id=30910, stack(0x00007f6737fff000,0x00007f6778000000)]
  0x00007f70bd02f800 JavaThread "Timer-0" daemon [_thread_blocked, id=30909, stack(0x00007f677ffff000,0x00007f67c0000000)]
  0x00007f6d50002000 JavaThread "heartbeat-receiver-event-loop-thread" daemon [_thread_blocked, id=30908, stack(0x00007f67c7fff000,0x00007f6808000000)]
  0x00007f70bcfd8000 JavaThread "SparkUI-63" daemon [_thread_blocked, id=30907, stack(0x00007f6857fff000,0x00007f6898000000)]
  0x00007f70bcfde000 JavaThread "SparkUI-62" daemon [_thread_blocked, id=30906, stack(0x00007f689ffff000,0x00007f68e0000000)]
  0x00007f70bcfe6800 JavaThread "SparkUI-61" daemon [_thread_blocked, id=30905, stack(0x00007f68e7fff000,0x00007f6928000000)]
  0x00007f70bcfdf800 JavaThread "SparkUI-60-acceptor-0@e3811fb-ServerConnector@fffe4c{HTTP/1.1}{0.0.0.0:4041}" daemon [_thread_in_native, id=30904, stack(0x00007f692ffff000,0x00007f6970000000)]
  0x00007f70bcfe3000 JavaThread "SparkUI-59-selector-ServerConnectorManager@23f34a06/3" daemon [_thread_in_native, id=30903, stack(0x00007f6977fff000,0x00007f69b8000000)]
  0x00007f70bcfe5000 JavaThread "SparkUI-58-selector-ServerConnectorManager@23f34a06/2" daemon [_thread_in_native, id=30902, stack(0x00007f69bffff000,0x00007f6a00000000)]
  0x00007f70bcfe1800 JavaThread "SparkUI-57-selector-ServerConnectorManager@23f34a06/1" daemon [_thread_in_native, id=30901, stack(0x00007f6a07fff000,0x00007f6a48000000)]
  0x00007f70bcfdd000 JavaThread "SparkUI-56-selector-ServerConnectorManager@23f34a06/0" daemon [_thread_in_native, id=30900, stack(0x00007f680ffff000,0x00007f6850000000)]
  0x00007f70bcef2000 JavaThread "map-output-dispatcher-7" daemon [_thread_blocked, id=30889, stack(0x00007f6a4ffff000,0x00007f6a90000000)]
  0x00007f70bcef0800 JavaThread "map-output-dispatcher-6" daemon [_thread_blocked, id=30887, stack(0x00007f6a97fff000,0x00007f6ad8000000)]
  0x00007f70bceee800 JavaThread "map-output-dispatcher-5" daemon [_thread_blocked, id=30886, stack(0x00007f6adffff000,0x00007f6b20000000)]
  0x00007f70bceed000 JavaThread "map-output-dispatcher-4" daemon [_thread_blocked, id=30885, stack(0x00007f6b27fff000,0x00007f6b68000000)]
  0x00007f70bceeb800 JavaThread "map-output-dispatcher-3" daemon [_thread_blocked, id=30884, stack(0x00007f6b6fffe000,0x00007f6baffff000)]
  0x00007f70bcee9800 JavaThread "map-output-dispatcher-2" daemon [_thread_blocked, id=30883, stack(0x00007f6baffff000,0x00007f6bf0000000)]
  0x00007f70bcee8000 JavaThread "map-output-dispatcher-1" daemon [_thread_blocked, id=30882, stack(0x00007f6bffffe000,0x00007f6c3ffff000)]
  0x00007f70bcee7000 JavaThread "map-output-dispatcher-0" daemon [_thread_blocked, id=30881, stack(0x00007f6c3ffff000,0x00007f6c80000000)]
  0x00007f70bcec8000 JavaThread "shuffle-server-3-1" daemon [_thread_blocked, id=30880, stack(0x00007f6c87fff000,0x00007f6cc8000000)]
  0x00007f70bccf3000 JavaThread "dispatcher-event-loop-7" daemon [_thread_blocked, id=30879, stack(0x00007f6ccfffe000,0x00007f6d0ffff000)]
  0x00007f70bccf1000 JavaThread "dispatcher-event-loop-6" daemon [_thread_blocked, id=30878, stack(0x00007f6d0ffff000,0x00007f6d50000000)]
  0x00007f70bccef800 JavaThread "dispatcher-event-loop-5" daemon [_thread_blocked, id=30877, stack(0x00007f6d5ffff000,0x00007f6da0000000)]
  0x00007f70bcced800 JavaThread "dispatcher-event-loop-4" daemon [_thread_blocked, id=30876, stack(0x00007f6da7fff000,0x00007f6de8000000)]
  0x00007f70bccec000 JavaThread "dispatcher-event-loop-3" daemon [_thread_blocked, id=30875, stack(0x00007f6deffff000,0x00007f6e30000000)]
  0x00007f70bccea800 JavaThread "dispatcher-event-loop-2" daemon [_thread_blocked, id=30874, stack(0x00007f6e37ffd000,0x00007f6e77ffe000)]
  0x00007f70bcce1800 JavaThread "dispatcher-event-loop-1" daemon [_thread_blocked, id=30873, stack(0x00007f6e77ffe000,0x00007f6eb7fff000)]
  0x00007f70bcce0800 JavaThread "dispatcher-event-loop-0" daemon [_thread_blocked, id=30872, stack(0x00007f6eb7fff000,0x00007f6ef8000000)]
  0x00007f70bc8c8000 JavaThread "Service Thread" daemon [_thread_blocked, id=30862, stack(0x00007f6f07fff000,0x00007f6f48000000)]
  0x00007f70bc8c2800 JavaThread "C1 CompilerThread3" daemon [_thread_blocked, id=30861, stack(0x00007f70a8509000,0x00007f70a860a000)]
  0x00007f70bc8c1000 JavaThread "C2 CompilerThread2" daemon [_thread_blocked, id=30860, stack(0x00007f70a860a000,0x00007f70a870b000)]
  0x00007f70bc8b8000 JavaThread "C2 CompilerThread1" daemon [_thread_blocked, id=30859, stack(0x00007f70a870b000,0x00007f70a880c000)]
  0x00007f70bc8bc800 JavaThread "C2 CompilerThread0" daemon [_thread_blocked, id=30858, stack(0x00007f70a880c000,0x00007f70a890d000)]
  0x00007f70bc8bf800 JavaThread "Monitor Ctrl-Break" daemon [_thread_in_native, id=30857, stack(0x00007f6f5ffff000,0x00007f6fa0000000)]
  0x00007f70bc214000 JavaThread "Signal Dispatcher" daemon [_thread_blocked, id=30856, stack(0x00007f6fa5466000,0x00007f6fe5467000)]
  0x00007f70bc1e9800 JavaThread "Finalizer" daemon [_thread_blocked, id=30848, stack(0x00007f6ff3ffe000,0x00007f7033fff000)]
  0x00007f70bc1e5000 JavaThread "Reference Handler" daemon [_thread_blocked, id=30847, stack(0x00007f7033fff000,0x00007f7074000000)]
  0x00007f70bc00f800 JavaThread "main" [_thread_blocked, id=30834, stack(0x00007f70c0e14000,0x00007f7100e15000)]

Other Threads:
  0x00007f70bc1db000 VMThread [stack: 0x00007f70a908c000,0x00007f70a918d000] [id=30845]
  0x00007f70bc8ca000 WatcherThread [stack: 0x00007f70a81f0000,0x00007f70a82f1000] [id=30863]

=>0x00007f70bc02e000 (exited) GCTaskThread [stack: 0x00007f70abe91000,0x00007f70abf92000] [id=30840]

VM state:at safepoint (normal execution)

VM Mutex/Monitor currently owned by a thread:  ([mutex/lock_event])
[0x00007f70bc009260] Threads_lock - owner thread: 0x00007f70bc1db000
[0x00007f70bc00dd80] Heap_lock - owner thread: 0x00007f70bcfe6800

Heap:
 PSYoungGen      total 668160K, used 330751K [0x0000000782300000, 0x00000007c0000000, 0x00000007c0000000)
  eden space 330752K, 99% used [0x0000000782300000,0x00000007965ffff0,0x0000000796600000)
  from space 337408K, 0% used [0x0000000796600000,0x0000000796600000,0x00000007aaf80000)
  to   space 337408K, 0% used [0x00000007ab680000,0x00000007ab680000,0x00000007c0000000)
 ParOldGen       total 2026496K, used 2026074K [0x0000000706800000, 0x0000000782300000, 0x0000000782300000)
  object space 2026496K, 99% used [0x0000000706800000,0x0000000782296a60,0x0000000782300000)
 Metaspace       used 41272K, capacity 41482K, committed 42624K, reserved 1085440K
  class space    used 6236K, capacity 6304K, committed 6528K, reserved 1048576K

Card table byte_map: [0x00007f70ac673000,0x00007f70acc40000] byte_map_base: 0x00007f70a8e3f000

Marking Bits: (ParMarkBitMap*) 0x00007f71026aaaa0
 Begin Bits: [0x00007f7082340000, 0x00007f70851a0000)
 End Bits:   [0x00007f70851a0000, 0x00007f7088000000)

Polling page: 0x00007f71034f6000

CodeCache: size=245760Kb used=16253Kb max_used=17479Kb free=229507Kb
 bounds [0x00007f70ad000000, 0x00007f70ae160000, 0x00007f70bc000000]
 total_blobs=6376 nmethods=5860 adapters=428
 compilation: enabled

Compilation events (10 events):
Event: 1206.809 Thread 0x00007f70bc8c2800 nmethod 7295 0x00007f70ad6bbc90 code [0x00007f70ad6bbe80, 0x00007f70ad6bc728]
Event: 1206.809 Thread 0x00007f70bc8c2800 7294       3       java.nio.channels.spi.AbstractSelector::end (5 bytes)
Event: 1206.809 Thread 0x00007f70bc8c2800 nmethod 7294 0x00007f70ad3f4610 code [0x00007f70ad3f47a0, 0x00007f70ad3f4d30]
Event: 1206.810 Thread 0x00007f70bc8c2800 7296       3       io.netty.channel.nio.SelectedSelectionKeySet::flip (57 bytes)
Event: 1270.968 Thread 0x00007f70bc8c2800 nmethod 7296 0x00007f70ad6433d0 code [0x00007f70ad643560, 0x00007f70ad6439f0]
Event: 1377.024 Thread 0x00007f70bc8c2800 7297       3       io.netty.util.concurrent.AbstractScheduledEventExecutor::hasScheduledTasks (44 bytes)
Event: 1377.024 Thread 0x00007f70bc8c2800 nmethod 7297 0x00007f70ad895ed0 code [0x00007f70ad896080, 0x00007f70ad896648]
Event: 1411.048 Thread 0x00007f70bc8c2800 7298       3       java.util.concurrent.atomic.AtomicBoolean::compareAndSet (35 bytes)
Event: 1432.528 Thread 0x00007f70bc8c2800 nmethod 7298 0x00007f70ad2add50 code [0x00007f70ad2adec0, 0x00007f70ad2ae0f0]
Event: 1490.984 Thread 0x00007f70bc8c2800 7299       3       org.apache.spark.ContextCleaner$$anonfun$org$apache$spark$ContextCleaner$$keepCleaning$1$$anonfun$1::<init> (5 bytes)

GC Heap History (10 events):
Event: 1490.984 GC heap after
Heap after GC invocations=295 (full 262):
 PSYoungGen      total 668160K, used 330751K [0x0000000782300000, 0x00000007c0000000, 0x00000007c0000000)
  eden space 330752K, 99% used [0x0000000782300000,0x00000007965fffd8,0x0000000796600000)
  from space 337408K, 0% used [0x0000000796600000,0x0000000796600000,0x00000007aaf80000)
  to   space 337408K, 0% used [0x00000007ab680000,0x00000007ab680000,0x00000007c0000000)
 ParOldGen       total 2026496K, used 2026074K [0x0000000706800000, 0x0000000782300000, 0x0000000782300000)
  object space 2026496K, 99% used [0x0000000706800000,0x0000000782296a68,0x0000000782300000)
 Metaspace       used 41272K, capacity 41482K, committed 42624K, reserved 1085440K
  class space    used 6236K, capacity 6304K, committed 6528K, reserved 1048576K
}
Event: 1490.984 GC heap before
{Heap before GC invocations=296 (full 263):
 PSYoungGen      total 668160K, used 330752K [0x0000000782300000, 0x00000007c0000000, 0x00000007c0000000)
  eden space 330752K, 100% used [0x0000000782300000,0x0000000796600000,0x0000000796600000)
  from space 337408K, 0% used [0x0000000796600000,0x0000000796600000,0x00000007aaf80000)
  to   space 337408K, 0% used [0x00000007ab680000,0x00000007ab680000,0x00000007c0000000)
 ParOldGen       total 2026496K, used 2026077K [0x0000000706800000, 0x0000000782300000, 0x0000000782300000)
  object space 2026496K, 99% used [0x0000000706800000,0x00000007822974f8,0x0000000782300000)
 Metaspace       used 41272K, capacity 41482K, committed 42624K, reserved 1085440K
  class space    used 6236K, capacity 6304K, committed 6528K, reserved 1048576K
Event: 1498.468 GC heap after
Heap after GC invocations=296 (full 263):
 PSYoungGen      total 668160K, used 330751K [0x0000000782300000, 0x00000007c0000000, 0x00000007c0000000)
  eden space 330752K, 99% used [0x0000000782300000,0x00000007965fff28,0x0000000796600000)
  from space 337408K, 0% used [0x0000000796600000,0x0000000796600000,0x00000007aaf80000)
  to   space 337408K, 0% used [0x00000007ab680000,0x00000007ab680000,0x00000007c0000000)
 ParOldGen       total 2026496K, used 2026074K [0x0000000706800000, 0x0000000782300000, 0x0000000782300000)
  object space 2026496K, 99% used [0x0000000706800000,0x0000000782296b20,0x0000000782300000)
 Metaspace       used 41272K, capacity 41482K, committed 42624K, reserved 1085440K
  class space    used 6236K, capacity 6304K, committed 6528K, reserved 1048576K
}
Event: 1498.469 GC heap before
{Heap before GC invocations=297 (full 264):
 PSYoungGen      total 668160K, used 330752K [0x0000000782300000, 0x00000007c0000000, 0x00000007c0000000)
  eden space 330752K, 100% used [0x0000000782300000,0x0000000796600000,0x0000000796600000)
  from space 337408K, 0% used [0x0000000796600000,0x0000000796600000,0x00000007aaf80000)
  to   space 337408K, 0% used [0x00000007ab680000,0x00000007ab680000,0x00000007c0000000)
 ParOldGen       total 2026496K, used 2026074K [0x0000000706800000, 0x0000000782300000, 0x0000000782300000)
  object space 2026496K, 99% used [0x0000000706800000,0x0000000782296b20,0x0000000782300000)
 Metaspace       used 41272K, capacity 41482K, committed 42624K, reserved 1085440K
  class space    used 6236K, capacity 6304K, committed 6528K, reserved 1048576K
Event: 1503.689 GC heap after
Heap after GC invocations=297 (full 264):
 PSYoungGen      total 668160K, used 330751K [0x0000000782300000, 0x00000007c0000000, 0x00000007c0000000)
  eden space 330752K, 99% used [0x0000000782300000,0x00000007965fff80,0x0000000796600000)
  from space 337408K, 0% used [0x0000000796600000,0x0000000796600000,0x00000007aaf80000)
  to   space 337408K, 0% used [0x00000007ab680000,0x00000007ab680000,0x00000007c0000000)
 ParOldGen       total 2026496K, used 2026074K [0x0000000706800000, 0x0000000782300000, 0x0000000782300000)
  object space 2026496K, 99% used [0x0000000706800000,0x0000000782296aa8,0x0000000782300000)
 Metaspace       used 41272K, capacity 41482K, committed 42624K, reserved 1085440K
  class space    used 6236K, capacity 6304K, committed 6528K, reserved 1048576K
}
Event: 1503.689 GC heap before
{Heap before GC invocations=298 (full 265):
 PSYoungGen      total 668160K, used 330752K [0x0000000782300000, 0x00000007c0000000, 0x00000007c0000000)
  eden space 330752K, 100% used [0x0000000782300000,0x0000000796600000,0x0000000796600000)
  from space 337408K, 0% used [0x0000000796600000,0x0000000796600000,0x00000007aaf80000)
  to   space 337408K, 0% used [0x00000007ab680000,0x00000007ab680000,0x00000007c0000000)
 ParOldGen       total 2026496K, used 2026074K [0x0000000706800000, 0x0000000782300000, 0x0000000782300000)
  object space 2026496K, 99% used [0x0000000706800000,0x0000000782296aa8,0x0000000782300000)
 Metaspace       used 41272K, capacity 41482K, committed 42624K, reserved 1085440K
  class space    used 6236K, capacity 6304K, committed 6528K, reserved 1048576K
Event: 1509.349 GC heap after
Heap after GC invocations=298 (full 265):
 PSYoungGen      total 668160K, used 330751K [0x0000000782300000, 0x00000007c0000000, 0x00000007c0000000)
  eden space 330752K, 99% used [0x0000000782300000,0x00000007965fffb0,0x0000000796600000)
  from space 337408K, 0% used [0x0000000796600000,0x0000000796600000,0x00000007aaf80000)
  to   space 337408K, 0% used [0x00000007ab680000,0x00000007ab680000,0x00000007c0000000)
 ParOldGen       total 2026496K, used 2026074K [0x0000000706800000, 0x0000000782300000, 0x0000000782300000)
  object space 2026496K, 99% used [0x0000000706800000,0x0000000782296a78,0x0000000782300000)
 Metaspace       used 41272K, capacity 41482K, committed 42624K, reserved 1085440K
  class space    used 6236K, capacity 6304K, committed 6528K, reserved 1048576K
}
Event: 1509.350 GC heap before
{Heap before GC invocations=299 (full 266):
 PSYoungGen      total 668160K, used 330751K [0x0000000782300000, 0x00000007c0000000, 0x00000007c0000000)
  eden space 330752K, 99% used [0x0000000782300000,0x00000007965ffff0,0x0000000796600000)
  from space 337408K, 0% used [0x0000000796600000,0x0000000796600000,0x00000007aaf80000)
  to   space 337408K, 0% used [0x00000007ab680000,0x00000007ab680000,0x00000007c0000000)
 ParOldGen       total 2026496K, used 2026074K [0x0000000706800000, 0x0000000782300000, 0x0000000782300000)
  object space 2026496K, 99% used [0x0000000706800000,0x0000000782296a78,0x0000000782300000)
 Metaspace       used 41272K, capacity 41482K, committed 42624K, reserved 1085440K
  class space    used 6236K, capacity 6304K, committed 6528K, reserved 1048576K
Event: 1515.580 GC heap after
Heap after GC invocations=299 (full 266):
 PSYoungGen      total 668160K, used 330751K [0x0000000782300000, 0x00000007c0000000, 0x00000007c0000000)
  eden space 330752K, 99% used [0x0000000782300000,0x00000007965fffc0,0x0000000796600000)
  from space 337408K, 0% used [0x0000000796600000,0x0000000796600000,0x00000007aaf80000)
  to   space 337408K, 0% used [0x00000007ab680000,0x00000007ab680000,0x00000007c0000000)
 ParOldGen       total 2026496K, used 2026074K [0x0000000706800000, 0x0000000782300000, 0x0000000782300000)
  object space 2026496K, 99% used [0x0000000706800000,0x0000000782296a60,0x0000000782300000)
 Metaspace       used 41272K, capacity 41482K, committed 42624K, reserved 1085440K
  class space    used 6236K, capacity 6304K, committed 6528K, reserved 1048576K
}
Event: 1515.580 GC heap before
{Heap before GC invocations=300 (full 267):
 PSYoungGen      total 668160K, used 330751K [0x0000000782300000, 0x00000007c0000000, 0x00000007c0000000)
  eden space 330752K, 99% used [0x0000000782300000,0x00000007965ffff0,0x0000000796600000)
  from space 337408K, 0% used [0x0000000796600000,0x0000000796600000,0x00000007aaf80000)
  to   space 337408K, 0% used [0x00000007ab680000,0x00000007ab680000,0x00000007c0000000)
 ParOldGen       total 2026496K, used 2026074K [0x0000000706800000, 0x0000000782300000, 0x0000000782300000)
  object space 2026496K, 99% used [0x0000000706800000,0x0000000782296a60,0x0000000782300000)
 Metaspace       used 41272K, capacity 41482K, committed 42624K, reserved 1085440K
  class space    used 6236K, capacity 6304K, committed 6528K, reserved 1048576K

Deoptimization events (10 events):
Event: 16.702 Thread 0x00007f70bc00f800 Uncommon trap: reason=class_check action=maybe_recompile pc=0x00007f70ae073378 method=scala.collection.SeqLike$class.$colon$plus(Lscala/collection/SeqLike;Ljava/lang/Object;Lscala/collection/generic/CanBuildFrom;)Ljava/lang/Object; @ 2
Event: 16.706 Thread 0x00007f70bc00f800 Uncommon trap: reason=class_check action=maybe_recompile pc=0x00007f70ae073378 method=scala.collection.SeqLike$class.$colon$plus(Lscala/collection/SeqLike;Ljava/lang/Object;Lscala/collection/generic/CanBuildFrom;)Ljava/lang/Object; @ 2
Event: 16.714 Thread 0x00007f70bc00f800 Uncommon trap: reason=bimorphic action=maybe_recompile pc=0x00007f70ad958efc method=org.apache.spark.internal.Logging$class.log(Lorg/apache/spark/internal/Logging;)Lorg/slf4j/Logger; @ 11
Event: 243.634 Thread 0x00007f67c0005800 Uncommon trap: reason=bimorphic action=maybe_recompile pc=0x00007f70ad58173c method=java.util.regex.Pattern$Curly.match0(Ljava/util/regex/Matcher;IILjava/lang/CharSequence;)Z @ 170
Event: 266.935 Thread 0x00007f70bd06d800 Uncommon trap: reason=bimorphic action=maybe_recompile pc=0x00007f70ad58173c method=java.util.regex.Pattern$Curly.match0(Ljava/util/regex/Matcher;IILjava/lang/CharSequence;)Z @ 170
Event: 266.935 Thread 0x00007f70bd06d800 Uncommon trap: reason=bimorphic action=maybe_recompile pc=0x00007f70ad58173c method=java.util.regex.Pattern$Curly.match0(Ljava/util/regex/Matcher;IILjava/lang/CharSequence;)Z @ 170
Event: 266.935 Thread 0x00007f67c0005800 Uncommon trap: reason=bimorphic action=maybe_recompile pc=0x00007f70ad58173c method=java.util.regex.Pattern$Curly.match0(Ljava/util/regex/Matcher;IILjava/lang/CharSequence;)Z @ 170
Event: 402.335 Thread 0x00007f67c0005800 Uncommon trap: reason=unstable_if action=reinterpret pc=0x00007f70ad76c248 method=sun.misc.Resource.getBytes()[B @ 197
Event: 538.825 Thread 0x00007f67c0005800 Uncommon trap: reason=bimorphic action=maybe_recompile pc=0x00007f70ad958efc method=org.apache.spark.internal.Logging$class.log(Lorg/apache/spark/internal/Logging;)Lorg/slf4j/Logger; @ 11
Event: 588.529 Thread 0x00007f70bd06d800 Uncommon trap: reason=bimorphic action=maybe_recompile pc=0x00007f70ad958efc method=org.apache.spark.internal.Logging$class.log(Lorg/apache/spark/internal/Logging;)Lorg/slf4j/Logger; @ 11

Internal exceptions (10 events):
Event: 15.253 Thread 0x00007f6d501c1000 Exception <a 'java/lang/NoSuchMethodError': <clinit>> (0x0000000784c2b768) thrown at [/builddir/build/BUILD/java-1.8.0-openjdk-1.8.0.131-1.b12.fc25.x86_64/openjdk/hotspot/src/share/vm/prims/jni.cpp, line 1615]
Event: 15.253 Thread 0x00007f6d501b9000 Exception <a 'java/lang/NoSuchMethodError': <clinit>> (0x0000000784ea7ec0) thrown at [/builddir/build/BUILD/java-1.8.0-openjdk-1.8.0.131-1.b12.fc25.x86_64/openjdk/hotspot/src/share/vm/prims/jni.cpp, line 1615]
Event: 15.254 Thread 0x00007f6efc00d000 Exception <a 'java/lang/NoSuchMethodError': <clinit>> (0x000000078477f2f8) thrown at [/builddir/build/BUILD/java-1.8.0-openjdk-1.8.0.131-1.b12.fc25.x86_64/openjdk/hotspot/src/share/vm/prims/jni.cpp, line 1615]
Event: 15.254 Thread 0x00007f6d501bf800 Exception <a 'java/lang/NoSuchMethodError': <clinit>> (0x0000000784a48c98) thrown at [/builddir/build/BUILD/java-1.8.0-openjdk-1.8.0.131-1.b12.fc25.x86_64/openjdk/hotspot/src/share/vm/prims/jni.cpp, line 1615]
Event: 15.254 Thread 0x00007f6d501c1000 Exception <a 'java/lang/NoSuchMethodError': <clinit>> (0x0000000784c301c0) thrown at [/builddir/build/BUILD/java-1.8.0-openjdk-1.8.0.131-1.b12.fc25.x86_64/openjdk/hotspot/src/share/vm/prims/jni.cpp, line 1615]
Event: 15.254 Thread 0x00007f6d501b9000 Exception <a 'java/lang/NoSuchMethodError': <clinit>> (0x0000000784eac918) thrown at [/builddir/build/BUILD/java-1.8.0-openjdk-1.8.0.131-1.b12.fc25.x86_64/openjdk/hotspot/src/share/vm/prims/jni.cpp, line 1615]
Event: 15.321 Thread 0x00007f6d501c1000 Implicit null exception at 0x00007f70add2f7c1 to 0x00007f70add2f7e9
Event: 15.368 Thread 0x00007f6de800b800 Implicit null exception at 0x00007f70add4901c to 0x00007f70add49a2d
Event: 15.369 Thread 0x00007f6de800b800 Implicit null exception at 0x00007f70add3cfb0 to 0x00007f70add3d005
Event: 15.419 Thread 0x00007f6efc00d000 Implicit null exception at 0x00007f70add7ac3b to 0x00007f70add7b5a5

Events (10 events):
Event: 1490.984 Executing VM operation: ParallelGCFailedAllocation done
Event: 1490.984 Executing VM operation: ParallelGCFailedAllocation
Event: 1498.468 Executing VM operation: ParallelGCFailedAllocation done
Event: 1498.468 Executing VM operation: ParallelGCFailedAllocation
Event: 1503.689 Executing VM operation: ParallelGCFailedAllocation done
Event: 1503.689 Executing VM operation: ParallelGCFailedAllocation
Event: 1509.349 Executing VM operation: ParallelGCFailedAllocation done
Event: 1509.349 Executing VM operation: ParallelGCFailedAllocation
Event: 1515.580 Executing VM operation: ParallelGCFailedAllocation done
Event: 1515.580 Executing VM operation: ParallelGCFailedAllocation


Dynamic libraries:
706800000-782300000 rw-p 00000000 00:00 0 
782300000-7c0000000 rw-p 00000000 00:00 0 
7c0000000-7c0660000 rw-p 00000000 00:00 0 
7c0660000-800000000 ---p 00000000 00:00 0 
564fce5bf000-564fce5c0000 r-xp 00000000 fd:00 3802586                    /usr/lib/jvm/java-1.8.0-openjdk-1.8.0.131-1.b12.fc25.x86_64/bin/java
564fce7bf000-564fce7c0000 r--p 00000000 fd:00 3802586                    /usr/lib/jvm/java-1.8.0-openjdk-1.8.0.131-1.b12.fc25.x86_64/bin/java
564fce7c0000-564fce7c1000 rw-p 00001000 fd:00 3802586                    /usr/lib/jvm/java-1.8.0-openjdk-1.8.0.131-1.b12.fc25.x86_64/bin/java
564fcfd08000-564fcfd4a000 rw-p 00000000 00:00 0                          [heap]
7f6187ffa000-7f6187ffd000 ---p 00000000 00:00 0 
7f6187ffd000-7f61c7ffb000 rw-p 00000000 00:00 0 
7f62c7fff000-7f62c8002000 ---p 00000000 00:00 0 
7f62c8002000-7f6308000000 rw-p 00000000 00:00 0 
7f6308000000-7f6308021000 rw-p 00000000 00:00 0 
7f6308021000-7f630c000000 ---p 00000000 00:00 0 
7f6350000000-7f6350021000 rw-p 00000000 00:00 0 
7f6350021000-7f6354000000 ---p 00000000 00:00 0 
7f6357ffe000-7f6358001000 ---p 00000000 00:00 0 
7f6358001000-7f6397fff000 rw-p 00000000 00:00 0 
7f6397fff000-7f6398002000 ---p 00000000 00:00 0 
7f6398002000-7f63d8000000 rw-p 00000000 00:00 0 
7f63d8000000-7f63d8021000 rw-p 00000000 00:00 0 
7f63d8021000-7f63dc000000 ---p 00000000 00:00 0 
7f63dc000000-7f63dc021000 rw-p 00000000 00:00 0 
7f63dc021000-7f63e0000000 ---p 00000000 00:00 0 
7f63e0000000-7f63e0041000 rw-p 00000000 00:00 0 
7f63e0041000-7f63e4000000 ---p 00000000 00:00 0 
7f63e7ffe000-7f63e8001000 ---p 00000000 00:00 0 
7f63e8001000-7f6427fff000 rw-p 00000000 00:00 0 
7f6427fff000-7f6428002000 ---p 00000000 00:00 0 
7f6428002000-7f6468000000 rw-p 00000000 00:00 0 
7f6468000000-7f6468029000 rw-p 00000000 00:00 0 
7f6468029000-7f646c000000 ---p 00000000 00:00 0 
7f646ffff000-7f6470002000 ---p 00000000 00:00 0 
7f6470002000-7f64b0000000 rw-p 00000000 00:00 0 
7f64b0000000-7f64b0021000 rw-p 00000000 00:00 0 
7f64b0021000-7f64b4000000 ---p 00000000 00:00 0 
7f64b7fff000-7f64b8002000 ---p 00000000 00:00 0 
7f64b8002000-7f64f8000000 rw-p 00000000 00:00 0 
7f64f8000000-7f64f8026000 rw-p 00000000 00:00 0 
7f64f8026000-7f64fc000000 ---p 00000000 00:00 0 
7f653ffff000-7f6540002000 ---p 00000000 00:00 0 
7f6540002000-7f6580000000 rw-p 00000000 00:00 0 
7f6580000000-7f65800ed000 rw-p 00000000 00:00 0 
7f65800ed000-7f6584000000 ---p 00000000 00:00 0 
7f6584000000-7f6584060000 rw-p 00000000 00:00 0 
7f6584060000-7f6588000000 ---p 00000000 00:00 0 
7f6588000000-7f6588021000 rw-p 00000000 00:00 0 
7f6588021000-7f658c000000 ---p 00000000 00:00 0 
7f658fffe000-7f6590001000 ---p 00000000 00:00 0 
7f6590001000-7f65cffff000 rw-p 00000000 00:00 0 
7f65cffff000-7f65d0002000 ---p 00000000 00:00 0 
7f65d0002000-7f6610000000 rw-p 00000000 00:00 0 
7f6610000000-7f6610021000 rw-p 00000000 00:00 0 
7f6610021000-7f6614000000 ---p 00000000 00:00 0 
7f6617fff000-7f6618002000 ---p 00000000 00:00 0 
7f6618002000-7f6658000000 rw-p 00000000 00:00 0 
7f6658000000-7f6658021000 rw-p 00000000 00:00 0 
7f6658021000-7f665c000000 ---p 00000000 00:00 0 
7f665ffff000-7f6660002000 ---p 00000000 00:00 0 
7f6660002000-7f66a0000000 rw-p 00000000 00:00 0 
7f66a0000000-7f66a0021000 rw-p 00000000 00:00 0 
7f66a0021000-7f66a4000000 ---p 00000000 00:00 0 
7f66a7fff000-7f66a8002000 ---p 00000000 00:00 0 
7f66a8002000-7f66e8000000 rw-p 00000000 00:00 0 
7f66e8000000-7f66e8394000 rw-p 00000000 00:00 0 
7f66e8394000-7f66ec000000 ---p 00000000 00:00 0 
7f66effff000-7f66f0002000 ---p 00000000 00:00 0 
7f66f0002000-7f6730000000 rw-p 00000000 00:00 0 
7f6730000000-7f6730021000 rw-p 00000000 00:00 0 
7f6730021000-7f6734000000 ---p 00000000 00:00 0 
7f6737fff000-7f6738002000 ---p 00000000 00:00 0 
7f6738002000-7f6778000000 rw-p 00000000 00:00 0 
7f6778000000-7f6778021000 rw-p 00000000 00:00 0 
7f6778021000-7f677c000000 ---p 00000000 00:00 0 
7f677ffff000-7f6780002000 ---p 00000000 00:00 0 
7f6780002000-7f67c0000000 rw-p 00000000 00:00 0 
7f67c0000000-7f67c0021000 rw-p 00000000 00:00 0 
7f67c0021000-7f67c4000000 ---p 00000000 00:00 0 
7f67c7fff000-7f67c8002000 ---p 00000000 00:00 0 
7f67c8002000-7f6808000000 rw-p 00000000 00:00 0 
7f6808000000-7f6808021000 rw-p 00000000 00:00 0 
7f6808021000-7f680c000000 ---p 00000000 00:00 0 
7f680ffff000-7f6810002000 ---p 00000000 00:00 0 
7f6810002000-7f6850000000 rw-p 00000000 00:00 0 
7f6850000000-7f6850021000 rw-p 00000000 00:00 0 
7f6850021000-7f6854000000 ---p 00000000 00:00 0 
7f6857fff000-7f6858002000 ---p 00000000 00:00 0 
7f6858002000-7f6898000000 rw-p 00000000 00:00 0 
7f6898000000-7f6898021000 rw-p 00000000 00:00 0 
7f6898021000-7f689c000000 ---p 00000000 00:00 0 
7f689ffff000-7f68a0002000 ---p 00000000 00:00 0 
7f68a0002000-7f68e0000000 rw-p 00000000 00:00 0 
7f68e0000000-7f68e0021000 rw-p 00000000 00:00 0 
7f68e0021000-7f68e4000000 ---p 00000000 00:00 0 
7f68e7fff000-7f68e8002000 ---p 00000000 00:00 0 
7f68e8002000-7f6928000000 rw-p 00000000 00:00 0 
7f6928000000-7f6928021000 rw-p 00000000 00:00 0 
7f6928021000-7f692c000000 ---p 00000000 00:00 0 
7f692ffff000-7f6930002000 ---p 00000000 00:00 0 
7f6930002000-7f6970000000 rw-p 00000000 00:00 0 
7f6970000000-7f6970021000 rw-p 00000000 00:00 0 
7f6970021000-7f6974000000 ---p 00000000 00:00 0 
7f6977fff000-7f6978002000 ---p 00000000 00:00 0 
7f6978002000-7f69b8000000 rw-p 00000000 00:00 0 
7f69b8000000-7f69b8021000 rw-p 00000000 00:00 0 
7f69b8021000-7f69bc000000 ---p 00000000 00:00 0 
7f69bffff000-7f69c0002000 ---p 00000000 00:00 0 
7f69c0002000-7f6a00000000 rw-p 00000000 00:00 0 
7f6a00000000-7f6a00021000 rw-p 00000000 00:00 0 
7f6a00021000-7f6a04000000 ---p 00000000 00:00 0 
7f6a07fff000-7f6a08002000 ---p 00000000 00:00 0 
7f6a08002000-7f6a48000000 rw-p 00000000 00:00 0 
7f6a48000000-7f6a48021000 rw-p 00000000 00:00 0 
7f6a48021000-7f6a4c000000 ---p 00000000 00:00 0 
7f6a4ffff000-7f6a50002000 ---p 00000000 00:00 0 
7f6a50002000-7f6a90000000 rw-p 00000000 00:00 0 
7f6a90000000-7f6a90021000 rw-p 00000000 00:00 0 
7f6a90021000-7f6a94000000 ---p 00000000 00:00 0 
7f6a97fff000-7f6a98002000 ---p 00000000 00:00 0 
7f6a98002000-7f6ad8000000 rw-p 00000000 00:00 0 
7f6ad8000000-7f6ad8021000 rw-p 00000000 00:00 0 
7f6ad8021000-7f6adc000000 ---p 00000000 00:00 0 
7f6adffff000-7f6ae0002000 ---p 00000000 00:00 0 
7f6ae0002000-7f6b20000000 rw-p 00000000 00:00 0 
7f6b20000000-7f6b20021000 rw-p 00000000 00:00 0 
7f6b20021000-7f6b24000000 ---p 00000000 00:00 0 
7f6b27fff000-7f6b28002000 ---p 00000000 00:00 0 
7f6b28002000-7f6b68000000 rw-p 00000000 00:00 0 
7f6b68000000-7f6b68021000 rw-p 00000000 00:00 0 
7f6b68021000-7f6b6c000000 ---p 00000000 00:00 0 
7f6b6fffe000-7f6b70001000 ---p 00000000 00:00 0 
7f6b70001000-7f6baffff000 rw-p 00000000 00:00 0 
7f6baffff000-7f6bb0002000 ---p 00000000 00:00 0 
7f6bb0002000-7f6bf0000000 rw-p 00000000 00:00 0 
7f6bf0000000-7f6bf0021000 rw-p 00000000 00:00 0 
7f6bf0021000-7f6bf4000000 ---p 00000000 00:00 0 
7f6bf4000000-7f6bf4021000 rw-p 00000000 00:00 0 
7f6bf4021000-7f6bf8000000 ---p 00000000 00:00 0 
7f6bf8000000-7f6bf8021000 rw-p 00000000 00:00 0 
7f6bf8021000-7f6bfc000000 ---p 00000000 00:00 0 
7f6bffffe000-7f6c00001000 ---p 00000000 00:00 0 
7f6c00001000-7f6c3ffff000 rw-p 00000000 00:00 0 
7f6c3ffff000-7f6c40002000 ---p 00000000 00:00 0 
7f6c40002000-7f6c80000000 rw-p 00000000 00:00 0 
7f6c80000000-7f6c80021000 rw-p 00000000 00:00 0 
7f6c80021000-7f6c84000000 ---p 00000000 00:00 0 
7f6c87fff000-7f6c88002000 ---p 00000000 00:00 0 
7f6c88002000-7f6cc8000000 rw-p 00000000 00:00 0 
7f6cc8000000-7f6cc8021000 rw-p 00000000 00:00 0 
7f6cc8021000-7f6ccc000000 ---p 00000000 00:00 0 
7f6ccfffe000-7f6cd0001000 ---p 00000000 00:00 0 
7f6cd0001000-7f6d0ffff000 rw-p 00000000 00:00 0 
7f6d0ffff000-7f6d10002000 ---p 00000000 00:00 0 
7f6d10002000-7f6d50000000 rw-p 00000000 00:00 0 
7f6d50000000-7f6d501cf000 rw-p 00000000 00:00 0 
7f6d501cf000-7f6d54000000 ---p 00000000 00:00 0 
7f6d54000000-7f6d54021000 rw-p 00000000 00:00 0 
7f6d54021000-7f6d58000000 ---p 00000000 00:00 0 
7f6d58000000-7f6d58021000 rw-p 00000000 00:00 0 
7f6d58021000-7f6d5c000000 ---p 00000000 00:00 0 
7f6d5ffff000-7f6d60002000 ---p 00000000 00:00 0 
7f6d60002000-7f6da0000000 rw-p 00000000 00:00 0 
7f6da0000000-7f6da0021000 rw-p 00000000 00:00 0 
7f6da0021000-7f6da4000000 ---p 00000000 00:00 0 
7f6da7fff000-7f6da8002000 ---p 00000000 00:00 0 
7f6da8002000-7f6de8000000 rw-p 00000000 00:00 0 
7f6de8000000-7f6de8021000 rw-p 00000000 00:00 0 
7f6de8021000-7f6dec000000 ---p 00000000 00:00 0 
7f6deffff000-7f6df0002000 ---p 00000000 00:00 0 
7f6df0002000-7f6e30000000 rw-p 00000000 00:00 0 
7f6e30000000-7f6e30021000 rw-p 00000000 00:00 0 
7f6e30021000-7f6e34000000 ---p 00000000 00:00 0 
7f6e37ffd000-7f6e38000000 ---p 00000000 00:00 0 
7f6e38000000-7f6e77ffe000 rw-p 00000000 00:00 0 
7f6e77ffe000-7f6e78001000 ---p 00000000 00:00 0 
7f6e78001000-7f6eb7fff000 rw-p 00000000 00:00 0 
7f6eb7fff000-7f6eb8002000 ---p 00000000 00:00 0 
7f6eb8002000-7f6ef8000000 rw-p 00000000 00:00 0 
7f6ef8000000-7f6ef8021000 rw-p 00000000 00:00 0 
7f6ef8021000-7f6efc000000 ---p 00000000 00:00 0 
7f6efc000000-7f6efc021000 rw-p 00000000 00:00 0 
7f6efc021000-7f6f00000000 ---p 00000000 00:00 0 
7f6f00000000-7f6f00021000 rw-p 00000000 00:00 0 
7f6f00021000-7f6f04000000 ---p 00000000 00:00 0 
7f6f07fff000-7f6f08002000 ---p 00000000 00:00 0 
7f6f08002000-7f6f48000000 rw-p 00000000 00:00 0 
7f6f48000000-7f6f49a53000 rw-p 00000000 00:00 0 
7f6f49a53000-7f6f4c000000 ---p 00000000 00:00 0 
7f6f4c000000-7f6f4cb5c000 rw-p 00000000 00:00 0 
7f6f4cb5c000-7f6f50000000 ---p 00000000 00:00 0 
7f6f50000000-7f6f51d8f000 rw-p 00000000 00:00 0 
7f6f51d8f000-7f6f54000000 ---p 00000000 00:00 0 
7f6f54000000-7f6f55023000 rw-p 00000000 00:00 0 
7f6f55023000-7f6f58000000 ---p 00000000 00:00 0 
7f6f58000000-7f6f58061000 rw-p 00000000 00:00 0 
7f6f58061000-7f6f5c000000 ---p 00000000 00:00 0 
7f6f5ffff000-7f6f60002000 ---p 00000000 00:00 0 
7f6f60002000-7f6fa0000000 rw-p 00000000 00:00 0 
7f6fa0000000-7f6fa0021000 rw-p 00000000 00:00 0 
7f6fa0021000-7f6fa4000000 ---p 00000000 00:00 0 
7f6fa5466000-7f6fa5469000 ---p 00000000 00:00 0 
7f6fa5469000-7f6fe5467000 rw-p 00000000 00:00 0 
7f6fe5467000-7f6fec000000 r--p 00000000 fd:00 3671571                    /usr/lib/locale/locale-archive
7f6fec000000-7f6fec021000 rw-p 00000000 00:00 0 
7f6fec021000-7f6ff0000000 ---p 00000000 00:00 0 
7f6ff3ffe000-7f6ff4001000 ---p 00000000 00:00 0 
7f6ff4001000-7f7033fff000 rw-p 00000000 00:00 0 
7f7033fff000-7f7034002000 ---p 00000000 00:00 0 
7f7034002000-7f7074000000 rw-p 00000000 00:00 0 
7f7074000000-7f7074192000 rw-p 00000000 00:00 0 
7f7074192000-7f7078000000 ---p 00000000 00:00 0 
7f7078000000-7f7078021000 rw-p 00000000 00:00 0 
7f7078021000-7f707c000000 ---p 00000000 00:00 0 
7f707c000000-7f707c021000 rw-p 00000000 00:00 0 
7f707c021000-7f7080000000 ---p 00000000 00:00 0 
7f7082340000-7f7088000000 rw-p 00000000 00:00 0 
7f7088000000-7f7088021000 rw-p 00000000 00:00 0 
7f7088021000-7f708c000000 ---p 00000000 00:00 0 
7f708c000000-7f708c021000 rw-p 00000000 00:00 0 
7f708c021000-7f7090000000 ---p 00000000 00:00 0 
7f7091bd4000-7f7091d14000 rw-p 00000000 00:00 0 
7f7091d14000-7f7091dd4000 ---p 00000000 00:00 0 
7f7091dd4000-7f7091fd4000 rw-p 00000000 00:00 0 
7f7091fd4000-7f70921d4000 rw-p 00000000 00:00 0 
7f70921d4000-7f70923d4000 rw-p 00000000 00:00 0 
7f70923d4000-7f70923e1000 r-xp 00000000 00:28 366890                     /tmp/liblz4-java6944465792291493326.so
7f70923e1000-7f70925e0000 ---p 0000d000 00:28 366890                     /tmp/liblz4-java6944465792291493326.so
7f70925e0000-7f70925e1000 rw-p 0000c000 00:28 366890                     /tmp/liblz4-java6944465792291493326.so
7f70925e1000-7f70927e1000 rw-p 00000000 00:00 0 
7f70927e1000-7f70929e1000 rw-p 00000000 00:00 0 
7f70929e1000-7f7092be1000 rw-p 00000000 00:00 0 
7f7092be1000-7f7092de1000 rw-p 00000000 00:00 0 
7f7092de1000-7f7092fe1000 rw-p 00000000 00:00 0 
7f7092fe1000-7f70931e1000 rw-p 00000000 00:00 0 
7f70931e1000-7f70931f2000 r-xp 00000000 fd:00 3802526                    /usr/lib/jvm/java-1.8.0-openjdk-1.8.0.131-1.b12.fc25.x86_64/jre/lib/amd64/libnio.so
7f70931f2000-7f70933f2000 ---p 00011000 fd:00 3802526                    /usr/lib/jvm/java-1.8.0-openjdk-1.8.0.131-1.b12.fc25.x86_64/jre/lib/amd64/libnio.so
7f70933f2000-7f70933f3000 r--p 00011000 fd:00 3802526                    /usr/lib/jvm/java-1.8.0-openjdk-1.8.0.131-1.b12.fc25.x86_64/jre/lib/amd64/libnio.so
7f70933f3000-7f70933f4000 rw-p 00012000 fd:00 3802526                    /usr/lib/jvm/java-1.8.0-openjdk-1.8.0.131-1.b12.fc25.x86_64/jre/lib/amd64/libnio.so
7f70933f4000-7f70935f4000 rw-p 00000000 00:00 0 
7f70935f4000-7f70937f4000 rw-p 00000000 00:00 0 
7f70937f4000-7f70937f5000 r-xp 00000000 fd:00 3802514                    /usr/lib/jvm/java-1.8.0-openjdk-1.8.0.131-1.b12.fc25.x86_64/jre/lib/amd64/libjaas_unix.so
7f70937f5000-7f70939f4000 ---p 00001000 fd:00 3802514                    /usr/lib/jvm/java-1.8.0-openjdk-1.8.0.131-1.b12.fc25.x86_64/jre/lib/amd64/libjaas_unix.so
7f70939f4000-7f70939f5000 r--p 00000000 fd:00 3802514                    /usr/lib/jvm/java-1.8.0-openjdk-1.8.0.131-1.b12.fc25.x86_64/jre/lib/amd64/libjaas_unix.so
7f70939f5000-7f7093bf6000 rw-p 00000000 00:00 0 
7f7093bf6000-7f7093bfe000 r-xp 00000000 fd:00 3802523                    /usr/lib/jvm/java-1.8.0-openjdk-1.8.0.131-1.b12.fc25.x86_64/jre/lib/amd64/libmanagement.so
7f7093bfe000-7f7093dfe000 ---p 00008000 fd:00 3802523                    /usr/lib/jvm/java-1.8.0-openjdk-1.8.0.131-1.b12.fc25.x86_64/jre/lib/amd64/libmanagement.so
7f7093dfe000-7f7093dff000 r--p 00008000 fd:00 3802523                    /usr/lib/jvm/java-1.8.0-openjdk-1.8.0.131-1.b12.fc25.x86_64/jre/lib/amd64/libmanagement.so
7f7093dff000-7f7093e00000 rw-p 00009000 fd:00 3802523                    /usr/lib/jvm/java-1.8.0-openjdk-1.8.0.131-1.b12.fc25.x86_64/jre/lib/amd64/libmanagement.so
7f7093e00000-7f7094000000 rw-p 00000000 00:00 0 
7f7094000000-7f7094021000 rw-p 00000000 00:00 0 
7f7094021000-7f7098000000 ---p 00000000 00:00 0 
7f7098000000-7f7098021000 rw-p 00000000 00:00 0 
7f7098021000-7f709c000000 ---p 00000000 00:00 0 
7f709c000000-7f709c021000 rw-p 00000000 00:00 0 
7f709c021000-7f70a0000000 ---p 00000000 00:00 0 
7f70a0000000-7f70a0021000 rw-p 00000000 00:00 0 
7f70a0021000-7f70a4000000 ---p 00000000 00:00 0 
7f70a4000000-7f70a4021000 rw-p 00000000 00:00 0 
7f70a4021000-7f70a8000000 ---p 00000000 00:00 0 
7f70a81e8000-7f70a81e9000 r--p 00000000 fd:00 138590                     /usr/share/locale/en_GB/LC_MESSAGES/libc.mo
7f70a81e9000-7f70a81ed000 r--s 000b3000 fd:00 3802562                    /usr/lib/jvm/java-1.8.0-openjdk-1.8.0.131-1.b12.fc25.x86_64/jre/lib/jsse.jar
7f70a81ed000-7f70a81f0000 r--s 00018000 fd:00 3802560                    /usr/lib/jvm/java-1.8.0-openjdk-1.8.0.131-1.b12.fc25.x86_64/jre/lib/jce.jar
7f70a81f0000-7f70a81f1000 ---p 00000000 00:00 0 
7f70a81f1000-7f70a82f1000 rw-p 00000000 00:00 0 
7f70a82f1000-7f70a8308000 r-xp 00000000 fd:00 3802525                    /usr/lib/jvm/java-1.8.0-openjdk-1.8.0.131-1.b12.fc25.x86_64/jre/lib/amd64/libnet.so
7f70a8308000-7f70a8507000 ---p 00017000 fd:00 3802525                    /usr/lib/jvm/java-1.8.0-openjdk-1.8.0.131-1.b12.fc25.x86_64/jre/lib/amd64/libnet.so
7f70a8507000-7f70a8508000 r--p 00016000 fd:00 3802525                    /usr/lib/jvm/java-1.8.0-openjdk-1.8.0.131-1.b12.fc25.x86_64/jre/lib/amd64/libnet.so
7f70a8508000-7f70a8509000 rw-p 00017000 fd:00 3802525                    /usr/lib/jvm/java-1.8.0-openjdk-1.8.0.131-1.b12.fc25.x86_64/jre/lib/amd64/libnet.so
7f70a8509000-7f70a850c000 ---p 00000000 00:00 0 
7f70a850c000-7f70a860a000 rw-p 00000000 00:00 0 
7f70a860a000-7f70a860d000 ---p 00000000 00:00 0 
7f70a860d000-7f70a870b000 rw-p 00000000 00:00 0 
7f70a870b000-7f70a870e000 ---p 00000000 00:00 0 
7f70a870e000-7f70a880c000 rw-p 00000000 00:00 0 
7f70a880c000-7f70a880f000 ---p 00000000 00:00 0 
7f70a880f000-7f70a890d000 rw-p 00000000 00:00 0 
7f70a890d000-7f70a890f000 r--s 0001a000 fd:02 16646251                   /home/france/Downloads/idea-IU-171.4249.39/lib/idea_rt.jar
7f70a890f000-7f70a891e000 r--s 0014f000 fd:02 16908959                   /home/france/.m2/repository/org/scala-graph/graph-core_2.12/1.11.4/graph-core_2.12-1.11.4.jar
7f70a891e000-7f70a8930000 r--s 00112000 fd:02 16909082                   /home/france/.m2/repository/net/sourceforge/f2j/arpack_combined_all/0.1/arpack_combined_all-0.1.jar
7f70a8930000-7f70a8932000 r--s 00027000 fd:02 16909080                   /home/france/.m2/repository/com/github/fommil/netlib/core/1.1.2/core-1.1.2.jar
7f70a8932000-7f70a895e000 r--s 001c8000 fd:02 16909076                   /home/france/.m2/repository/com/chuusai/shapeless_2.10.4/2.0.0/shapeless_2.10.4-2.0.0.jar
7f70a895e000-7f70a8960000 r--s 00012000 fd:02 16909068                   /home/france/.m2/repository/org/spire-math/spire-macros_2.10/0.7.4/spire-macros_2.10-0.7.4.jar
7f70a8960000-7f70a89b4000 r--s 00697000 fd:02 16909064                   /home/france/.m2/repository/org/spire-math/spire_2.10/0.7.4/spire_2.10-0.7.4.jar
7f70a89b4000-7f70a89bf000 r--s 000b0000 fd:02 16909062                   /home/france/.m2/repository/com/github/rwl/jtransforms/2.4.0/jtransforms-2.4.0.jar
7f70a89bf000-7f70a89c0000 r--s 00004000 fd:02 16909060                   /home/france/.m2/repository/net/sf/opencsv/opencsv/2.3/opencsv-2.3.jar
7f70a89c0000-7f70a89cd000 r--s 000a4000 fd:02 16909048                   /home/france/.m2/repository/org/scalamacros/quasiquotes_2.10/2.0.0-M8/quasiquotes_2.10-2.0.0-M8.jar
7f70a89cd000-7f70a89d0000 r--s 00024000 fd:02 16909046                   /home/france/.m2/repository/org/scalanlp/breeze-macros_2.10/0.12/breeze-macros_2.10-0.12.jar
7f70a89d0000-7f70a8aa0000 r--s 00cae000 fd:02 16909042                   /home/france/.m2/repository/org/scalanlp/breeze_2.10/0.12/breeze_2.10-0.12.jar
7f70a8aa0000-7f70a8aa5000 r--s 00027000 fd:02 16909040                   /home/france/.m2/repository/org/apache/spark/spark-mllib-local_2.10/2.1.0/spark-mllib-local_2.10-2.1.0.jar
7f70a8aa5000-7f70a8ab2000 r--s 0009b000 fd:02 16909038                   /home/france/.m2/repository/org/apache/spark/spark-graphx_2.10/2.1.0/spark-graphx_2.10-2.1.0.jar
7f70a8ab2000-7f70a8ab3000 r--s 00000000 fd:02 16780029                   /home/france/.m2/repository/org/spark-project/spark/unused/1.0.0/unused-1.0.0.jar
7f70a8ab3000-7f70a8ab5000 r--s 0001f000 fd:02 16909036                   /home/france/.m2/repository/org/apache/commons/commons-crypto/1.0.0/commons-crypto-1.0.0.jar
7f70a8ab5000-7f70a8b1b000 r--s 006cc000 fd:02 16780034                   /home/france/.m2/repository/org/scalatest/scalatest_2.10/2.2.6/scalatest_2.10-2.2.6.jar
7f70a8b1b000-7f70a8b1d000 r--s 00003000 fd:02 16779997                   /home/france/.m2/repository/org/apache/spark/spark-tags_2.10/2.1.0/spark-tags_2.10-2.1.0.jar
7f70a8b1d000-7f70a8b20000 r--s 0001a000 fd:02 16909034                   /home/france/.m2/repository/net/sf/py4j/py4j/0.10.4/py4j-0.10.4.jar
7f70a8b20000-7f70a8b23000 r--s 00015000 fd:02 16909032                   /home/france/.m2/repository/net/razorvine/pyrolite/4.13/pyrolite-4.13.jar
7f70a8b23000-7f70a8b25000 r--s 0000e000 fd:02 16908912                   /home/france/.m2/repository/oro/oro/2.0.8/oro-2.0.8.jar
7f70a8b25000-7f70a8b3b000 r--s 00124000 fd:02 16908963                   /home/france/.m2/repository/org/apache/ivy/ivy/2.4.0/ivy-2.4.0.jar
7f70a8b3b000-7f70a8b3d000 r--s 00009000 fd:02 16908916                   /home/france/.m2/repository/com/fasterxml/jackson/module/jackson-module-paranamer/2.6.5/jackson-module-paranamer-2.6.5.jar
7f70a8b3d000-7f70a8b72000 r--s 002da000 fd:02 16780124                   /home/france/.m2/repository/org/scala-lang/scala-reflect/2.10.6/scala-reflect-2.10.6.jar
7f70a8b72000-7f70a8b80000 r--s 0006f000 fd:02 16909027                   /home/france/.m2/repository/com/fasterxml/jackson/module/jackson-module-scala_2.10/2.6.5/jackson-module-scala_2.10-2.6.5.jar
7f70a8b80000-7f70a8b84000 r--s 0003c000 fd:02 16908911                   /home/france/.m2/repository/com/fasterxml/jackson/core/jackson-core/2.6.5/jackson-core-2.6.5.jar
7f70a8b84000-7f70a8b95000 r--s 0010d000 fd:02 16909025                   /home/france/.m2/repository/com/fasterxml/jackson/core/jackson-databind/2.6.5/jackson-databind-2.6.5.jar
7f70a8b95000-7f70a8b97000 r--s 00004000 fd:02 16908996                   /home/france/.m2/repository/io/dropwizard/metrics/metrics-graphite/3.1.2/metrics-graphite-3.1.2.jar
7f70a8b97000-7f70a8b98000 r--s 00003000 fd:02 16909003                   /home/france/.m2/repository/io/dropwizard/metrics/metrics-json/3.1.2/metrics-json-3.1.2.jar
7f70a8b98000-7f70a8b9a000 r--s 00008000 fd:02 16909014                   /home/france/.m2/repository/io/dropwizard/metrics/metrics-jvm/3.1.2/metrics-jvm-3.1.2.jar
7f70a8b9a000-7f70a8b9e000 r--s 00018000 fd:02 16909020                   /home/france/.m2/repository/io/dropwizard/metrics/metrics-core/3.1.2/metrics-core-3.1.2.jar
7f70a8b9e000-7f70a8ba1000 r--s 00028000 fd:02 16908998                   /home/france/.m2/repository/com/clearspring/analytics/stream/2.7.0/stream-2.7.0.jar
7f70a8ba1000-7f70a8bb9000 r--s 00115000 fd:02 16908977                   /home/france/.m2/repository/io/netty/netty/3.8.0.Final/netty-3.8.0.Final.jar
7f70a8bb9000-7f70a8be0000 r--s 0020f000 fd:02 16780118                   /home/france/.m2/repository/io/netty/netty-all/4.0.42.Final/netty-all-4.0.42.Final.jar
7f70a8be0000-7f70a8be3000 r--s 0000e000 fd:02 16909007                   /home/france/.m2/repository/org/glassfish/jersey/containers/jersey-container-servlet-core/2.22.2/jersey-container-servlet-core-2.22.2.jar
7f70a8be3000-7f70a8be5000 r--s 00003000 fd:02 16909006                   /home/france/.m2/repository/org/glassfish/jersey/containers/jersey-container-servlet/2.22.2/jersey-container-servlet-2.22.2.jar
7f70a8be5000-7f70a8be9000 r--s 0000c000 fd:02 16908988                   /home/france/.m2/repository/javax/validation/validation-api/1.1.0.Final/validation-api-1.1.0.Final.jar
7f70a8be9000-7f70a8beb000 r--s 00010000 fd:02 16908972                   /home/france/.m2/repository/org/glassfish/jersey/media/jersey-media-jaxb/2.22.2/jersey-media-jaxb-2.22.2.jar
7f70a8beb000-7f70a8c01000 r--s 000d3000 fd:02 16908978                   /home/france/.m2/repository/org/glassfish/jersey/core/jersey-server/2.22.2/jersey-server-2.22.2.jar
7f70a8c01000-7f70a8c02000 r--s 00004000 fd:02 16908976                   /home/france/.m2/repository/org/glassfish/hk2/osgi-resource-locator/1.0.1/osgi-resource-locator-1.0.1.jar
7f70a8c02000-7f70a8c1a000 r--s 000d6000 fd:02 16908994                   /home/france/.m2/repository/org/glassfish/jersey/bundles/repackaged/jersey-guava/2.22.2/jersey-guava-2.22.2.jar
7f70a8c1a000-7f70a8c1c000 r--s 00005000 fd:02 16908982                   /home/france/.m2/repository/javax/annotation/javax.annotation-api/1.2/javax.annotation-api-1.2.jar
7f70a8c1c000-7f70a8c2a000 r--s 0009d000 fd:02 16908974                   /home/france/.m2/repository/org/glassfish/jersey/core/jersey-common/2.22.2/jersey-common-2.22.2.jar
7f70a8c2a000-7f70a8c34000 r--s 000a5000 fd:02 16908992                   /home/france/.m2/repository/org/javassist/javassist/3.18.1-GA/javassist-3.18.1-GA.jar
7f70a8c34000-7f70a8c38000 r--s 00029000 fd:02 16908999                   /home/france/.m2/repository/org/glassfish/hk2/hk2-locator/2.4.0-b34/hk2-locator-2.4.0-b34.jar
7f70a8c38000-7f70a8c39000 r--s 00001000 fd:02 16909012                   /home/france/.m2/repository/org/glassfish/hk2/external/javax.inject/2.4.0-b34/javax.inject-2.4.0-b34.jar
7f70a8c39000-7f70a8c3b000 r--s 00002000 fd:02 16908985                   /home/france/.m2/repository/org/glassfish/hk2/external/aopalliance-repackaged/2.4.0-b34/aopalliance-repackaged-2.4.0-b34.jar
7f70a8c3b000-7f70a8c3f000 r--s 0001a000 fd:02 16908991                   /home/france/.m2/repository/org/glassfish/hk2/hk2-utils/2.4.0-b34/hk2-utils-2.4.0-b34.jar
7f70a8c3f000-7f70a8c44000 r--s 00027000 fd:02 16908989                   /home/france/.m2/repository/org/glassfish/hk2/hk2-api/2.4.0-b34/hk2-api-2.4.0-b34.jar
7f70a8c44000-7f70a8c48000 r--s 00019000 fd:02 16908973                   /home/france/.m2/repository/javax/ws/rs/javax.ws.rs-api/2.0.1/javax.ws.rs-api-2.0.1.jar
7f70a8c48000-7f70a8c4c000 r--s 00025000 fd:02 16909000                   /home/france/.m2/repository/org/glassfish/jersey/core/jersey-client/2.22.2/jersey-client-2.22.2.jar
7f70a8c4c000-7f70a8d3f000 r--s 00c8c000 fd:02 16908966                   /home/france/.m2/repository/org/scala-lang/scala-compiler/2.10.0/scala-compiler-2.10.0.jar
7f70a8d3f000-7f70a8d52000 r--s 000be000 fd:02 16908964                   /home/france/.m2/repository/org/scala-lang/scalap/2.10.0/scalap-2.10.0.jar
7f70a8d52000-7f70a8d54000 r--s 00007000 fd:02 16909030                   /home/france/.m2/repository/com/thoughtworks/paranamer/paranamer/2.6/paranamer-2.6.jar
7f70a8d54000-7f70a8d56000 r--s 00013000 fd:02 16908960                   /home/france/.m2/repository/org/json4s/json4s-ast_2.10/3.2.11/json4s-ast_2.10-3.2.11.jar
7f70a8d56000-7f70a8d60000 r--s 00088000 fd:02 16908958                   /home/france/.m2/repository/org/json4s/json4s-core_2.10/3.2.11/json4s-core_2.10-3.2.11.jar
7f70a8d60000-7f70a8d62000 r--s 00009000 fd:02 16908954                   /home/france/.m2/repository/org/json4s/json4s-jackson_2.10/3.2.11/json4s-jackson_2.10-3.2.11.jar
7f70a8d62000-7f70a8d66000 r--s 00030000 fd:02 16908952                   /home/france/.m2/repository/commons-net/commons-net/2.2/commons-net-2.2.jar
7f70a8d66000-7f70a8d69000 r--s 0002f000 fd:02 16908950                   /home/france/.m2/repository/org/roaringbitmap/RoaringBitmap/0.5.11/RoaringBitmap-0.5.11.jar
7f70a8d69000-7f70a8d6b000 r--s 00038000 fd:02 16908948                   /home/france/.m2/repository/net/jpountz/lz4/lz4/1.3.0/lz4-1.3.0.jar
7f70a8d6b000-7f70a8d6d000 r--s 00100000 fd:02 16908946                   /home/france/.m2/repository/org/xerial/snappy/snappy-java/1.1.2.6/snappy-java-1.1.2.6.jar
7f70a8d6d000-7f70a8d6f000 r--s 00012000 fd:02 16908935                   /home/france/.m2/repository/com/ning/compress-lzf/1.0.3/compress-lzf-1.0.3.jar
7f70a8d6f000-7f70a8d70000 r--s 00002000 fd:02 16908945                   /home/france/.m2/repository/org/slf4j/slf4j-log4j12/1.7.16/slf4j-log4j12-1.7.16.jar
7f70a8d70000-7f70a8d79000 r--s 0006f000 fd:02 16780105                   /home/france/.m2/repository/log4j/log4j/1.2.17/log4j-1.2.17.jar
7f70a8d79000-7f70a8d7b000 r--s 00003000 fd:02 16908942                   /home/france/.m2/repository/org/slf4j/jcl-over-slf4j/1.7.16/jcl-over-slf4j-1.7.16.jar
7f70a8d7b000-7f70a8d7d000 r--s 00000000 fd:02 16908939                   /home/france/.m2/repository/org/slf4j/jul-to-slf4j/1.7.16/jul-to-slf4j-1.7.16.jar
7f70a8d7d000-7f70a8d7e000 r--s 00009000 fd:02 16908936                   /home/france/.m2/repository/org/slf4j/slf4j-api/1.7.16/slf4j-api-1.7.16.jar
7f70a8d7e000-7f70a8d81000 r--s 00006000 fd:02 16780028                   /home/france/.m2/repository/com/google/code/findbugs/jsr305/1.3.9/jsr305-1.3.9.jar
7f70a8d81000-7f70a8da5000 r--s 001cd000 fd:02 16909078                   /home/france/.m2/repository/org/apache/commons/commons-math3/3.4.1/commons-math3-3.4.1.jar
7f70a8da5000-7f70a8dad000 r--s 0006e000 fd:02 16780117                   /home/france/.m2/repository/org/apache/commons/commons-lang3/3.5/commons-lang3-3.5.jar
7f70a8dad000-7f70a8db0000 r--s 00015000 fd:02 16908932                   /home/france/.m2/repository/javax/servlet/javax.servlet-api/3.1.0/javax.servlet-api-3.1.0.jar
7f70a8db0000-7f70a8dd9000 r--s 001ee000 fd:02 16908930                   /home/france/.m2/repository/com/google/guava/guava/14.0.1/guava-14.0.1.jar
7f70a8dd9000-7f70a8de5000 r--s 000b3000 fd:02 16780114                   /home/france/.m2/repository/org/apache/zookeeper/zookeeper/3.4.5/zookeeper-3.4.5.jar
7f70a8de5000-7f70a8de8000 r--s 0000e000 fd:02 16908928                   /home/france/.m2/repository/org/apache/curator/curator-client/2.4.0/curator-client-2.4.0.jar
7f70a8de8000-7f70a8ded000 r--s 00027000 fd:02 16908926                   /home/france/.m2/repository/org/apache/curator/curator-framework/2.4.0/curator-framework-2.4.0.jar
7f70a8ded000-7f70a8df3000 r--s 00035000 fd:02 16908924                   /home/france/.m2/repository/org/apache/curator/curator-recipes/2.4.0/curator-recipes-2.4.0.jar
7f70a8df3000-7f70a8df9000 r--s 00045000 fd:02 16779990                   /home/france/.m2/repository/commons-httpclient/commons-httpclient/3.1/commons-httpclient-3.1.jar
7f70a8df9000-7f70a8dfb000 r--s 0000a000 fd:02 16908922                   /home/france/.m2/repository/commons-codec/commons-codec/1.3/commons-codec-1.3.jar
7f70a8dfb000-7f70a8e01000 r--s 00057000 fd:02 16908920                   /home/france/.m2/repository/net/java/dev/jets3t/jets3t/0.7.1/jets3t-0.7.1.jar
7f70a8e01000-7f70a8e03000 r--s 00009000 fd:02 16908918                   /home/france/.m2/repository/org/apache/spark/spark-unsafe_2.10/2.1.0/spark-unsafe_2.10-2.1.0.jar
7f70a8e03000-7f70a8e06000 r--s 0000d000 fd:02 16908914                   /home/france/.m2/repository/org/apache/spark/spark-network-shuffle_2.10/2.1.0/spark-network-shuffle_2.10-2.1.0.jar
7f70a8e06000-7f70a8e09000 r--s 00009000 fd:02 16908975                   /home/france/.m2/repository/com/fasterxml/jackson/core/jackson-annotations/2.6.5/jackson-annotations-2.6.5.jar
7f70a8e09000-7f70a8e0c000 r--s 000fd000 fd:02 16780060                   /home/france/.m2/repository/org/fusesource/leveldbjni/leveldbjni-all/1.8/leveldbjni-all-1.8.jar
7f70a8e0c000-7f70a8e3a000 r--s 00212000 fd:02 16780104                   /home/france/.m2/repository/org/apache/spark/spark-network-common_2.10/2.1.0/spark-network-common_2.10-2.1.0.jar
7f70a8e3a000-7f70a8e3c000 r--s 0000f000 fd:02 16780079                   /home/france/.m2/repository/org/apache/spark/spark-launcher_2.10/2.1.0/spark-launcher_2.10-2.1.0.jar
7f70a8e3c000-7f70a8e3e000 r--s 00003000 fd:02 16780086                   /home/france/.m2/repository/org/apache/hadoop/hadoop-annotations/2.2.0/hadoop-annotations-2.2.0.jar
7f70a8e3e000-7f70a8e3f000 r--s 00008000 fd:02 16780083                   /home/france/.m2/repository/org/apache/hadoop/hadoop-mapreduce-client-jobclient/2.2.0/hadoop-mapreduce-client-jobclient-2.2.0.jar
7f70a8e3f000-7f70a8e51000 r--s 0012c000 fd:02 16780061                   /home/france/.m2/repository/org/apache/hadoop/hadoop-yarn-common/2.2.0/hadoop-yarn-common-2.2.0.jar
7f70a8e51000-7f70a8e69000 r--s 0014c000 fd:02 16780096                   /home/france/.m2/repository/org/apache/hadoop/hadoop-mapreduce-client-core/2.2.0/hadoop-mapreduce-client-core-2.2.0.jar
7f70a8e69000-7f70a8e7a000 r--s 0010a000 fd:02 16780093                   /home/france/.m2/repository/org/apache/hadoop/hadoop-yarn-api/2.2.0/hadoop-yarn-api-2.2.0.jar
7f70a8e7a000-7f70a8e7c000 r--s 00004000 fd:02 16780088                   /home/france/.m2/repository/org/apache/hadoop/hadoop-mapreduce-client-shuffle/2.2.0/hadoop-mapreduce-client-shuffle-2.2.0.jar
7f70a8e7c000-7f70a8e80000 r--s 00027000 fd:02 16780089                   /home/france/.m2/repository/org/apache/hadoop/hadoop-yarn-server-common/2.2.0/hadoop-yarn-server-common-2.2.0.jar
7f70a8e80000-7f70a8e82000 r--s 00000000 fd:02 16780084                   /home/france/.m2/repository/aopalliance/aopalliance/1.0/aopalliance-1.0.jar
7f70a8e82000-7f70a8e83000 r--s 00000000 fd:02 16780018                   /home/france/.m2/repository/javax/inject/javax.inject/1/javax.inject-1.jar
7f70a8e83000-7f70a8e92000 r--s 0009f000 fd:02 16780080                   /home/france/.m2/repository/com/google/inject/guice/3.0/guice-3.0.jar
7f70a8e92000-7f70a8e95000 r--s 00015000 fd:02 16780075                   /home/france/.m2/repository/org/apache/hadoop/hadoop-yarn-client/2.2.0/hadoop-yarn-client-2.2.0.jar
7f70a8e95000-7f70a8ea1000 r--s 00095000 fd:02 16779986                   /home/france/.m2/repository/org/apache/hadoop/hadoop-mapreduce-client-common/2.2.0/hadoop-mapreduce-client-common-2.2.0.jar
7f70a8ea1000-7f70a8eaa000 r--s 0006d000 fd:02 16780022                   /home/france/.m2/repository/org/apache/hadoop/hadoop-mapreduce-client-app/2.2.0/hadoop-mapreduce-client-app-2.2.0.jar
7f70a8eaa000-7f70a8eae000 r--s 00028000 fd:02 16779985                   /home/france/.m2/repository/org/mortbay/jetty/jetty-util/6.1.26/jetty-util-6.1.26.jar
7f70a8eae000-7f70a8ef3000 r--s 004bb000 fd:02 16780032                   /home/france/.m2/repository/org/apache/hadoop/hadoop-hdfs/2.2.0/hadoop-hdfs-2.2.0.jar
7f70a8ef3000-7f70a8ef7000 r--s 00014000 fd:02 16780066                   /home/france/.m2/repository/org/tukaani/xz/1.0/xz-1.0.jar
7f70a8ef7000-7f70a8efc000 r--s 00036000 fd:02 16780064                   /home/france/.m2/repository/org/apache/commons/commons-compress/1.4.1/commons-compress-1.4.1.jar
7f70a8efc000-7f70a8efe000 r--s 0000b000 fd:02 16780058                   /home/france/.m2/repository/org/apache/hadoop/hadoop-auth/2.2.0/hadoop-auth-2.2.0.jar
7f70a8efe000-7f70a8f06000 r--s 0007b000 fd:02 16780100                   /home/france/.m2/repository/com/google/protobuf/protobuf-java/2.5.0/protobuf-java-2.5.0.jar
7f70a8f06000-7f70a8f0a000 r--s 0002f000 fd:02 16780046                   /home/france/.m2/repository/commons-beanutils/commons-beanutils-core/1.8.0/commons-beanutils-core-1.8.0.jar
7f70a8f0a000-7f70a8f0f000 r--s 0002a000 fd:02 16780044                   /home/france/.m2/repository/commons-beanutils/commons-beanutils/1.7.0/commons-beanutils-1.7.0.jar
7f70a8f0f000-7f70a8f13000 r--s 00020000 fd:02 16780042                   /home/france/.m2/repository/commons-digester/commons-digester/1.8/commons-digester-1.8.jar
7f70a8f13000-7f70a8f21000 r--s 0007f000 fd:02 16780038                   /home/france/.m2/repository/commons-collections/commons-collections/3.2.1/commons-collections-3.2.1.jar
7f70a8f21000-7f70a8f27000 r--s 00043000 fd:02 16780037                   /home/france/.m2/repository/commons-configuration/commons-configuration/1.6/commons-configuration-1.6.jar
7f70a8f27000-7f70a8f2c000 r--s 00040000 fd:02 16780049                   /home/france/.m2/repository/commons-lang/commons-lang/2.5/commons-lang-2.5.jar
7f70a8f2c000-7f70a8f2f000 r--s 00025000 fd:02 16780016                   /home/france/.m2/repository/commons-io/commons-io/2.1/commons-io-2.1.jar
7f70a8f2f000-7f70a8f30000 r--s 00003000 fd:02 16780056                   /home/france/.m2/repository/xmlenc/xmlenc/0.52/xmlenc-0.52.jar
7f70a8f30000-7f70a8f41000 r--s 000bb000 fd:02 16780020                   /home/france/.m2/repository/org/apache/commons/commons-math/2.1/commons-math-2.1.jar
7f70a8f41000-7f70a8f43000 r--s 00009000 fd:02 16780071                   /home/france/.m2/repository/commons-cli/commons-cli/1.2/commons-cli-1.2.jar
7f70a8f43000-7f70a901a000 r--s 00a62000 fd:02 16780051                   /home/france/.m2/repository/org/apache/spark/spark-core_2.10/2.1.0/spark-core_2.10-2.1.0.jar
7f70a901a000-7f70a908c000 r--s 0065a000 fd:02 16909072                   /home/france/.m2/repository/org/scala-lang/scala-library/2.10.4/scala-library-2.10.4.jar
7f70a908c000-7f70a908d000 ---p 00000000 00:00 0 
7f70a908d000-7f70aacf5000 rw-p 00000000 00:00 0 
7f70aacf5000-7f70aaec3000 r--s 043e2000 fd:00 3802573                    /usr/lib/jvm/java-1.8.0-openjdk-1.8.0.131-1.b12.fc25.x86_64/jre/lib/rt.jar
7f70aaec3000-7f70abc8f000 rw-p 00000000 00:00 0 
7f70abc8f000-7f70abc90000 ---p 00000000 00:00 0 
7f70abc90000-7f70abd90000 rw-p 00000000 00:00 0 
7f70abd90000-7f70abd91000 ---p 00000000 00:00 0 
7f70abd91000-7f70abe91000 rw-p 00000000 00:00 0 
7f70abe91000-7f70abe92000 ---p 00000000 00:00 0 
7f70abe92000-7f70abf92000 rw-p 00000000 00:00 0 
7f70abf92000-7f70abf93000 ---p 00000000 00:00 0 
7f70abf93000-7f70ac093000 rw-p 00000000 00:00 0 
7f70ac093000-7f70ac094000 ---p 00000000 00:00 0 
7f70ac094000-7f70ac194000 rw-p 00000000 00:00 0 
7f70ac194000-7f70ac195000 ---p 00000000 00:00 0 
7f70ac195000-7f70ac673000 rw-p 00000000 00:00 0 
7f70ac673000-7f70aca50000 rw-p 00000000 00:00 0 
7f70aca50000-7f70acc3f000 rw-p 00000000 00:00 0 
7f70acc3f000-7f70acc86000 rw-p 00000000 00:00 0 
7f70acc86000-7f70ad000000 ---p 00000000 00:00 0 
7f70ad000000-7f70ae160000 rwxp 00000000 00:00 0 
7f70ae160000-7f70bc000000 ---p 00000000 00:00 0 
7f70bc000000-7f70bd77a000 rw-p 00000000 00:00 0 
7f70bd77a000-7f70c0000000 ---p 00000000 00:00 0 
7f70c0000000-7f70c002b000 r--s 00271000 fd:02 16779999                   /home/france/.m2/repository/org/apache/hadoop/hadoop-common/2.2.0/hadoop-common-2.2.0.jar
7f70c002b000-7f70c002e000 r--s 00021000 fd:02 16780122                   /home/france/.m2/repository/org/apache/xbean/xbean-asm5-shaded/4.4/xbean-asm5-shaded-4.4.jar
7f70c002e000-7f70c0030000 r--s 0000b000 fd:02 16780008                   /home/france/.m2/repository/com/twitter/chill-java/0.8.0/chill-java-0.8.0.jar
7f70c0030000-7f70c00a6000 rw-p 00000000 00:00 0 
7f70c00a6000-7f70c00a7000 ---p 00000000 00:00 0 
7f70c00a7000-7f70c01a7000 rw-p 00000000 00:00 0 
7f70c01a7000-7f70c01af000 r-xp 00000000 fd:00 3802533                    /usr/lib/jvm/java-1.8.0-openjdk-1.8.0.131-1.b12.fc25.x86_64/jre/lib/amd64/libzip.so
7f70c01af000-7f70c03ae000 ---p 00008000 fd:00 3802533                    /usr/lib/jvm/java-1.8.0-openjdk-1.8.0.131-1.b12.fc25.x86_64/jre/lib/amd64/libzip.so
7f70c03ae000-7f70c03af000 r--p 00007000 fd:00 3802533                    /usr/lib/jvm/java-1.8.0-openjdk-1.8.0.131-1.b12.fc25.x86_64/jre/lib/amd64/libzip.so
7f70c03af000-7f70c03b0000 rw-p 00000000 00:00 0 
7f70c03b0000-7f70c03ba000 r-xp 00000000 fd:00 3678379                    /usr/lib64/libnss_files-2.24.so
7f70c03ba000-7f70c05ba000 ---p 0000a000 fd:00 3678379                    /usr/lib64/libnss_files-2.24.so
7f70c05ba000-7f70c05bb000 r--p 0000a000 fd:00 3678379                    /usr/lib64/libnss_files-2.24.so
7f70c05bb000-7f70c05bc000 rw-p 0000b000 fd:00 3678379                    /usr/lib64/libnss_files-2.24.so
7f70c05bc000-7f70c05c2000 rw-p 00000000 00:00 0 
7f70c05c2000-7f70c05cc000 r-xp 00000000 fd:00 3802422                    /usr/lib/jvm/java-1.8.0-openjdk-1.8.0.131-1.b12.fc25.x86_64/jre/lib/amd64/libinstrument.so
7f70c05cc000-7f70c07cb000 ---p 0000a000 fd:00 3802422                    /usr/lib/jvm/java-1.8.0-openjdk-1.8.0.131-1.b12.fc25.x86_64/jre/lib/amd64/libinstrument.so
7f70c07cb000-7f70c07cc000 r--p 00009000 fd:00 3802422                    /usr/lib/jvm/java-1.8.0-openjdk-1.8.0.131-1.b12.fc25.x86_64/jre/lib/amd64/libinstrument.so
7f70c07cc000-7f70c07cd000 rw-p 0000a000 fd:00 3802422                    /usr/lib/jvm/java-1.8.0-openjdk-1.8.0.131-1.b12.fc25.x86_64/jre/lib/amd64/libinstrument.so
7f70c07cd000-7f70c07fa000 r-xp 00000000 fd:00 3802515                    /usr/lib/jvm/java-1.8.0-openjdk-1.8.0.131-1.b12.fc25.x86_64/jre/lib/amd64/libjava.so
7f70c07fa000-7f70c09fa000 ---p 0002d000 fd:00 3802515                    /usr/lib/jvm/java-1.8.0-openjdk-1.8.0.131-1.b12.fc25.x86_64/jre/lib/amd64/libjava.so
7f70c09fa000-7f70c09fb000 r--p 0002d000 fd:00 3802515                    /usr/lib/jvm/java-1.8.0-openjdk-1.8.0.131-1.b12.fc25.x86_64/jre/lib/amd64/libjava.so
7f70c09fb000-7f70c09fc000 rw-p 0002e000 fd:00 3802515                    /usr/lib/jvm/java-1.8.0-openjdk-1.8.0.131-1.b12.fc25.x86_64/jre/lib/amd64/libjava.so
7f70c09fc000-7f70c09fd000 rw-p 00000000 00:00 0 
7f70c09fd000-7f70c0a0a000 r-xp 00000000 fd:00 3802532                    /usr/lib/jvm/java-1.8.0-openjdk-1.8.0.131-1.b12.fc25.x86_64/jre/lib/amd64/libverify.so
7f70c0a0a000-7f70c0c09000 ---p 0000d000 fd:00 3802532                    /usr/lib/jvm/java-1.8.0-openjdk-1.8.0.131-1.b12.fc25.x86_64/jre/lib/amd64/libverify.so
7f70c0c09000-7f70c0c0b000 r--p 0000c000 fd:00 3802532                    /usr/lib/jvm/java-1.8.0-openjdk-1.8.0.131-1.b12.fc25.x86_64/jre/lib/amd64/libverify.so
7f70c0c0b000-7f70c0c0c000 rw-p 00000000 00:00 0 
7f70c0c0c000-7f70c0c13000 r-xp 00000000 fd:00 3678480                    /usr/lib64/librt-2.24.so
7f70c0c13000-7f70c0e12000 ---p 00007000 fd:00 3678480                    /usr/lib64/librt-2.24.so
7f70c0e12000-7f70c0e13000 r--p 00006000 fd:00 3678480                    /usr/lib64/librt-2.24.so
7f70c0e13000-7f70c0e14000 rw-p 00007000 fd:00 3678480                    /usr/lib64/librt-2.24.so
7f70c0e14000-7f70c0e17000 ---p 00000000 00:00 0 
7f70c0e17000-7f7100e15000 rw-p 00000000 00:00 0 
7f7100e15000-7f7100e2b000 r-xp 00000000 fd:00 3677196                    /usr/lib64/libgcc_s-6.3.1-20161221.so.1
7f7100e2b000-7f710102a000 ---p 00016000 fd:00 3677196                    /usr/lib64/libgcc_s-6.3.1-20161221.so.1
7f710102a000-7f710102b000 r--p 00015000 fd:00 3677196                    /usr/lib64/libgcc_s-6.3.1-20161221.so.1
7f710102b000-7f710102c000 rw-p 00016000 fd:00 3677196                    /usr/lib64/libgcc_s-6.3.1-20161221.so.1
7f710102c000-7f7101134000 r-xp 00000000 fd:00 3677961                    /usr/lib64/libm-2.24.so
7f7101134000-7f7101333000 ---p 00108000 fd:00 3677961                    /usr/lib64/libm-2.24.so
7f7101333000-7f7101334000 r--p 00107000 fd:00 3677961                    /usr/lib64/libm-2.24.so
7f7101334000-7f7101335000 rw-p 00108000 fd:00 3677961                    /usr/lib64/libm-2.24.so
7f7101335000-7f71014ad000 r-xp 00000000 fd:00 3678552                    /usr/lib64/libstdc++.so.6.0.22
7f71014ad000-7f71016ad000 ---p 00178000 fd:00 3678552                    /usr/lib64/libstdc++.so.6.0.22
7f71016ad000-7f71016b7000 r--p 00178000 fd:00 3678552                    /usr/lib64/libstdc++.so.6.0.22
7f71016b7000-7f71016b9000 rw-p 00182000 fd:00 3678552                    /usr/lib64/libstdc++.so.6.0.22
7f71016b9000-7f71016bd000 rw-p 00000000 00:00 0 
7f71016bd000-7f71023d3000 r-xp 00000000 fd:00 3802537                    /usr/lib/jvm/java-1.8.0-openjdk-1.8.0.131-1.b12.fc25.x86_64/jre/lib/amd64/server/libjvm.so
7f71023d3000-7f71025d3000 ---p 00d16000 fd:00 3802537                    /usr/lib/jvm/java-1.8.0-openjdk-1.8.0.131-1.b12.fc25.x86_64/jre/lib/amd64/server/libjvm.so
7f71025d3000-7f710266e000 r--p 00d16000 fd:00 3802537                    /usr/lib/jvm/java-1.8.0-openjdk-1.8.0.131-1.b12.fc25.x86_64/jre/lib/amd64/server/libjvm.so
7f710266e000-7f7102697000 rw-p 00db1000 fd:00 3802537                    /usr/lib/jvm/java-1.8.0-openjdk-1.8.0.131-1.b12.fc25.x86_64/jre/lib/amd64/server/libjvm.so
7f7102697000-7f71026c7000 rw-p 00000000 00:00 0 
7f71026c7000-7f7102884000 r-xp 00000000 fd:00 3677808                    /usr/lib64/libc-2.24.so
7f7102884000-7f7102a83000 ---p 001bd000 fd:00 3677808                    /usr/lib64/libc-2.24.so
7f7102a83000-7f7102a87000 r--p 001bc000 fd:00 3677808                    /usr/lib64/libc-2.24.so
7f7102a87000-7f7102a89000 rw-p 001c0000 fd:00 3677808                    /usr/lib64/libc-2.24.so
7f7102a89000-7f7102a8d000 rw-p 00000000 00:00 0 
7f7102a8d000-7f7102a90000 r-xp 00000000 fd:00 3677905                    /usr/lib64/libdl-2.24.so
7f7102a90000-7f7102c8f000 ---p 00003000 fd:00 3677905                    /usr/lib64/libdl-2.24.so
7f7102c8f000-7f7102c90000 r--p 00002000 fd:00 3677905                    /usr/lib64/libdl-2.24.so
7f7102c90000-7f7102c91000 rw-p 00003000 fd:00 3677905                    /usr/lib64/libdl-2.24.so
7f7102c91000-7f7102c9e000 r-xp 00000000 fd:00 3802635                    /usr/lib/jvm/java-1.8.0-openjdk-1.8.0.131-1.b12.fc25.x86_64/lib/amd64/jli/libjli.so
7f7102c9e000-7f7102e9e000 ---p 0000d000 fd:00 3802635                    /usr/lib/jvm/java-1.8.0-openjdk-1.8.0.131-1.b12.fc25.x86_64/lib/amd64/jli/libjli.so
7f7102e9e000-7f7102e9f000 r--p 0000d000 fd:00 3802635                    /usr/lib/jvm/java-1.8.0-openjdk-1.8.0.131-1.b12.fc25.x86_64/lib/amd64/jli/libjli.so
7f7102e9f000-7f7102ea0000 rw-p 00000000 00:00 0 
7f7102ea0000-7f7102eb5000 r-xp 00000000 fd:00 3679985                    /usr/lib64/libz.so.1.2.8
7f7102eb5000-7f71030b4000 ---p 00015000 fd:00 3679985                    /usr/lib64/libz.so.1.2.8
7f71030b4000-7f71030b5000 r--p 00014000 fd:00 3679985                    /usr/lib64/libz.so.1.2.8
7f71030b5000-7f71030b6000 rw-p 00015000 fd:00 3679985                    /usr/lib64/libz.so.1.2.8
7f71030b6000-7f71030ce000 r-xp 00000000 fd:00 3678380                    /usr/lib64/libpthread-2.24.so
7f71030ce000-7f71032ce000 ---p 00018000 fd:00 3678380                    /usr/lib64/libpthread-2.24.so
7f71032ce000-7f71032cf000 r--p 00018000 fd:00 3678380                    /usr/lib64/libpthread-2.24.so
7f71032cf000-7f71032d0000 rw-p 00019000 fd:00 3678380                    /usr/lib64/libpthread-2.24.so
7f71032d0000-7f71032d4000 rw-p 00000000 00:00 0 
7f71032d4000-7f71032f9000 r-xp 00000000 fd:00 3680837                    /usr/lib64/ld-2.24.so
7f71032f9000-7f71032fa000 r--s 00000000 fd:02 16780012                   /home/france/.m2/repository/org/apache/hadoop/hadoop-client/2.2.0/hadoop-client-2.2.0.jar
7f71032fa000-7f71032fc000 r--s 00009000 fd:02 16780001                   /home/france/.m2/repository/org/objenesis/objenesis/2.1/objenesis-2.1.jar
7f71032fc000-7f71032fd000 r--s 00001000 fd:02 16779968                   /home/france/.m2/repository/com/esotericsoftware/minlog/1.3.0/minlog-1.3.0.jar
7f71032fd000-7f7103304000 r--s 00051000 fd:02 16780010                   /home/france/.m2/repository/com/esotericsoftware/kryo-shaded/3.0.3/kryo-shaded-3.0.3.jar
7f7103304000-7f7103308000 r--s 00032000 fd:02 16780098                   /home/france/.m2/repository/com/twitter/chill_2.10/0.8.0/chill_2.10-0.8.0.jar
7f7103308000-7f7103316000 r--s 000b1000 fd:02 16779983                   /home/france/.m2/repository/org/codehaus/jackson/jackson-mapper-asl/1.9.13/jackson-mapper-asl-1.9.13.jar
7f7103316000-7f710331a000 r--s 00035000 fd:02 16779992                   /home/france/.m2/repository/org/codehaus/jackson/jackson-core-asl/1.9.13/jackson-core-asl-1.9.13.jar
7f710331a000-7f7103321000 r--s 0004e000 fd:02 16779987                   /home/france/.m2/repository/org/apache/avro/avro-ipc/1.7.7/avro-ipc-1.7.7-tests.jar
7f7103321000-7f710332a000 r--s 00062000 fd:02 16779993                   /home/france/.m2/repository/org/apache/avro/avro/1.7.7/avro-1.7.7.jar
7f710332a000-7f710332e000 r--s 0002c000 fd:02 16779972                   /home/france/.m2/repository/org/apache/avro/avro-ipc/1.7.7/avro-ipc-1.7.7.jar
7f710332e000-7f7103341000 r--s 00346000 fd:00 3802432                    /usr/lib/jvm/java-1.8.0-openjdk-1.8.0.131-1.b12.fc25.x86_64/jre/lib/resources.jar
7f7103341000-7f71033d6000 rw-p 00000000 00:00 0 
7f71033d6000-7f71033d7000 ---p 00000000 00:00 0 
7f71033d7000-7f71034db000 rw-p 00000000 00:00 0 
7f71034db000-7f71034e0000 r--s 00028000 fd:02 16779966                   /home/france/.m2/repository/org/apache/avro/avro-mapred/1.7.7/avro-mapred-1.7.7-hadoop2.jar
7f71034e0000-7f71034e1000 r--s 00000000 fd:00 3802565                    /usr/lib/jvm/java-1.8.0-openjdk-1.8.0.131-1.b12.fc25.x86_64/jre/lib/management-agent.jar
7f71034e1000-7f71034e5000 r--s 000b3000 fd:00 3802562                    /usr/lib/jvm/java-1.8.0-openjdk-1.8.0.131-1.b12.fc25.x86_64/jre/lib/jsse.jar
7f71034e5000-7f71034e8000 r--s 00018000 fd:00 3802560                    /usr/lib/jvm/java-1.8.0-openjdk-1.8.0.131-1.b12.fc25.x86_64/jre/lib/jce.jar
7f71034e8000-7f71034ed000 r--s 00309000 fd:00 3802427                    /usr/lib/jvm/java-1.8.0-openjdk-1.8.0.131-1.b12.fc25.x86_64/jre/lib/charsets.jar
7f71034ed000-7f71034f5000 rw-s 00000000 00:28 365845                     /tmp/hsperfdata_france/30824
7f71034f5000-7f71034f6000 rw-p 00000000 00:00 0 
7f71034f6000-7f71034f7000 ---p 00000000 00:00 0 
7f71034f7000-7f71034f9000 rw-p 00000000 00:00 0 
7f71034f9000-7f71034fa000 r--p 00025000 fd:00 3680837                    /usr/lib64/ld-2.24.so
7f71034fa000-7f71034fb000 rw-p 00026000 fd:00 3680837                    /usr/lib64/ld-2.24.so
7f71034fb000-7f71034fc000 rw-p 00000000 00:00 0 
7fff8bb3d000-7fff8bb61000 rw-p 00000000 00:00 0                          [stack]
7fff8bbab000-7fff8bbad000 r--p 00000000 00:00 0                          [vvar]
7fff8bbad000-7fff8bbaf000 r-xp 00000000 00:00 0                          [vdso]
ffffffffff600000-ffffffffff601000 r-xp 00000000 00:00 0                  [vsyscall]

VM Arguments:
jvm_args: -Xss1g -javaagent:/home/france/Downloads/idea-IU-171.4249.39/lib/idea_rt.jar=37045:/home/france/Downloads/idea-IU-171.4249.39/bin -Dfile.encoding=UTF-8 
java_command: BigD.App
java_class_path (initial): /usr/lib/jvm/java-1.8.0-openjdk/jre/lib/charsets.jar:/usr/lib/jvm/java-1.8.0-openjdk/jre/lib/ext/cldrdata.jar:/usr/lib/jvm/java-1.8.0-openjdk/jre/lib/ext/dnsns.jar:/usr/lib/jvm/java-1.8.0-openjdk/jre/lib/ext/jaccess.jar:/usr/lib/jvm/java-1.8.0-openjdk/jre/lib/ext/localedata.jar:/usr/lib/jvm/java-1.8.0-openjdk/jre/lib/ext/nashorn.jar:/usr/lib/jvm/java-1.8.0-openjdk/jre/lib/ext/sunec.jar:/usr/lib/jvm/java-1.8.0-openjdk/jre/lib/ext/sunjce_provider.jar:/usr/lib/jvm/java-1.8.0-openjdk/jre/lib/ext/sunpkcs11.jar:/usr/lib/jvm/java-1.8.0-openjdk/jre/lib/ext/zipfs.jar:/usr/lib/jvm/java-1.8.0-openjdk/jre/lib/jce.jar:/usr/lib/jvm/java-1.8.0-openjdk/jre/lib/jsse.jar:/usr/lib/jvm/java-1.8.0-openjdk/jre/lib/management-agent.jar:/usr/lib/jvm/java-1.8.0-openjdk/jre/lib/resources.jar:/usr/lib/jvm/java-1.8.0-openjdk/jre/lib/rt.jar:/home/france/Documents/unitn/BigData/BigPP/target/classes:/home/france/.m2/repository/org/scala-lang/scala-library/2.10.4/scala-library-2.10.4.jar:/home/france/.m2/repository/org/apache/spark/spark-core_2.10/2.1.0/spark-core_2.10-2.1.0.jar:/home/france/.m2/repository/org/apache/avro/avro-mapred/1.7.7/avro-mapred-1.7.7-hadoop2.jar:/home/france/.m2/repository/org/apache/avro/avro-ipc/1.7.7/avro-ipc-1.7.7.jar:/home/france/.m2/repository/org/apache/avro/avro/1.7.7/avro-1.7.7.jar:/home/france/.m2/repository/org/apache/avro/avro-ipc/1.7.7/avro-ipc-1.7.7-tests.jar:/home/france/.m2/repository/org/codehaus/jackson/jackson-core-asl/1.9.13/jackson-core-asl-1.9.13.jar:/home/france/.m2/repository/org/codehaus/jackson/jackson-mapper-asl/1.9.13/jackson-mapper-asl-1.9.13.jar:/home/france/.m2/repository/com/twitter/chill_2.10/0.8.0/chill_2.10-0.8.0.jar:/home/france/.m2/repository/com/esotericsoftware/kryo-shaded/3.0.3/kryo-shaded-3.0.3.jar:/home/france/.m2/repository/com/esotericsoftware/minlog/1.3.0/minlog-1.3.0.jar:/home/france/.m2/repository/org/objenesis/objenesis/2.1/objenesis-2.1.jar:/home/france/.m2/repository/com/twitter/chill-java/0.8.0/
Launcher Type: SUN_STANDARD

Environment Variables:
PATH=/usr/lib64/qt-3.3/bin:/usr/local/bin:/usr/local/sbin:/usr/bin:/usr/sbin:/home/france/Documents/unitn/Formal/Lab/spin646/Spin/Src6.4.6:/home/france/Documents/unitn/Formal/Lab/nuXmv-1.1.1-Linux/bin:/home/france/Documents/uniud/Tesistuff/Picat/Picat:/home/france/.local/bin:/home/france/bin
USERNAME=france
LD_LIBRARY_PATH=/home/france/Downloads/idea-IU-171.4249.39/bin:
SHELL=/bin/bash
DISPLAY=:0

Signal Handlers:
SIGSEGV: [libjvm.so+0xb1b2a0], sa_mask[0]=11111111011111111101111111111110, sa_flags=SA_RESTART|SA_SIGINFO
SIGBUS: [libjvm.so+0xb1b2a0], sa_mask[0]=11111111011111111101111111111110, sa_flags=SA_RESTART|SA_SIGINFO
SIGFPE: [libjvm.so+0x8ec1f0], sa_mask[0]=11111111011111111101111111111110, sa_flags=SA_RESTART|SA_SIGINFO
SIGPIPE: [libjvm.so+0x8ec1f0], sa_mask[0]=11111111011111111101111111111110, sa_flags=SA_RESTART|SA_SIGINFO
SIGXFSZ: [libjvm.so+0x8ec1f0], sa_mask[0]=11111111011111111101111111111110, sa_flags=SA_RESTART|SA_SIGINFO
SIGILL: [libjvm.so+0x8ec1f0], sa_mask[0]=11111111011111111101111111111110, sa_flags=SA_RESTART|SA_SIGINFO
SIGUSR1: SIG_DFL, sa_mask[0]=00000000000000000000000000000000, sa_flags=none
SIGUSR2: [libjvm.so+0x8ec0a0], sa_mask[0]=00100000000000000000000000000000, sa_flags=SA_RESTART|SA_SIGINFO
SIGHUP: [libjvm.so+0x8ec550], sa_mask[0]=11111111011111111101111111111110, sa_flags=SA_RESTART|SA_SIGINFO
SIGINT: [libjvm.so+0x8ec550], sa_mask[0]=11111111011111111101111111111110, sa_flags=SA_RESTART|SA_SIGINFO
SIGTERM: [libjvm.so+0x8ec550], sa_mask[0]=11111111011111111101111111111110, sa_flags=SA_RESTART|SA_SIGINFO
SIGQUIT: [libjvm.so+0x8ec550], sa_mask[0]=11111111011111111101111111111110, sa_flags=SA_RESTART|SA_SIGINFO


---------------  S Y S T E M  ---------------

OS:Fedora release 25 (Twenty Five)

uname:Linux 4.10.15-200.fc25.x86_64 #1 SMP Mon May 8 18:46:06 UTC 2017 x86_64
libc:glibc 2.24 NPTL 2.24 
rlimit: STACK 8192k, CORE infinity, NPROC 47357, NOFILE 4096, AS infinity
load average:12.12 11.66 9.45

/proc/meminfo:
MemTotal:       12150220 kB
MemFree:          220816 kB
MemAvailable:    3117316 kB
Buffers:          218708 kB
Cached:          2901772 kB
SwapCached:            0 kB
Active:         10185128 kB
Inactive:        1039900 kB
Active(anon):    8062836 kB
Inactive(anon):   359668 kB
Active(file):    2122292 kB
Inactive(file):   680232 kB
Unevictable:          76 kB
Mlocked:              76 kB
SwapTotal:       6291452 kB
SwapFree:        6291452 kB
Dirty:              1056 kB
Writeback:             0 kB
AnonPages:       8104700 kB
Mapped:           769208 kB
Shmem:            317968 kB
Slab:             499360 kB
SReclaimable:     417088 kB
SUnreclaim:        82272 kB
KernelStack:       16672 kB
PageTables:        74896 kB
NFS_Unstable:          0 kB
Bounce:                0 kB
WritebackTmp:          0 kB
CommitLimit:    12366560 kB
Committed_AS:   107889712 kB
VmallocTotal:   34359738367 kB
VmallocUsed:           0 kB
VmallocChunk:          0 kB
HardwareCorrupted:     0 kB
AnonHugePages:         0 kB
ShmemHugePages:        0 kB
ShmemPmdMapped:        0 kB
CmaTotal:              0 kB
CmaFree:               0 kB
HugePages_Total:       0
HugePages_Free:        0
HugePages_Rsvd:        0
HugePages_Surp:        0
Hugepagesize:       2048 kB
DirectMap4k:      254928 kB
DirectMap2M:    12173312 kB


CPU:total 8 (initial active 8) (4 cores per cpu, 2 threads per core) family 6 model 58 stepping 9, cmov, cx8, fxsr, mmx, sse, sse2, sse3, ssse3, sse4.1, sse4.2, popcnt, avx, aes, clmul, erms, ht, tsc, tscinvbit, tscinv

/proc/cpuinfo:
processor	: 0
vendor_id	: GenuineIntel
cpu family	: 6
model		: 58
model name	: Intel(R) Core(TM) i7-3632QM CPU @ 2.20GHz
stepping	: 9
microcode	: 0x1c
cpu MHz		: 1899.890
cache size	: 6144 KB
physical id	: 0
siblings	: 8
core id		: 0
cpu cores	: 4
apicid		: 0
initial apicid	: 0
fpu		: yes
fpu_exception	: yes
cpuid level	: 13
wp		: yes
flags		: fpu vme de pse tsc msr pae mce cx8 apic sep mtrr pge mca cmov pat pse36 clflush dts acpi mmx fxsr sse sse2 ss ht tm pbe syscall nx rdtscp lm constant_tsc arch_perfmon pebs bts rep_good nopl xtopology nonstop_tsc aperfmperf pni pclmulqdq dtes64 monitor ds_cpl vmx est tm2 ssse3 cx16 xtpr pdcm pcid sse4_1 sse4_2 x2apic popcnt tsc_deadline_timer aes xsave avx f16c rdrand lahf_lm epb tpr_shadow vnmi flexpriority ept vpid fsgsbase smep erms xsaveopt dtherm ida arat pln pts
bugs		:
bogomips	: 4390.08
clflush size	: 64
cache_alignment	: 64
address sizes	: 36 bits physical, 48 bits virtual
power management:

processor	: 1
vendor_id	: GenuineIntel
cpu family	: 6
model		: 58
model name	: Intel(R) Core(TM) i7-3632QM CPU @ 2.20GHz
stepping	: 9
microcode	: 0x1c
cpu MHz		: 1899.890
cache size	: 6144 KB
physical id	: 0
siblings	: 8
core id		: 0
cpu cores	: 4
apicid		: 1
initial apicid	: 1
fpu		: yes
fpu_exception	: yes
cpuid level	: 13
wp		: yes
flags		: fpu vme de pse tsc msr pae mce cx8 apic sep mtrr pge mca cmov pat pse36 clflush dts acpi mmx fxsr sse sse2 ss ht tm pbe syscall nx rdtscp lm constant_tsc arch_perfmon pebs bts rep_good nopl xtopology nonstop_tsc aperfmperf pni pclmulqdq dtes64 monitor ds_cpl vmx est tm2 ssse3 cx16 xtpr pdcm pcid sse4_1 sse4_2 x2apic popcnt tsc_deadline_timer aes xsave avx f16c rdrand lahf_lm epb tpr_shadow vnmi flexpriority ept vpid fsgsbase smep erms xsaveopt dtherm ida arat pln pts
bugs		:
bogomips	: 4395.80
clflush size	: 64
cache_alignment	: 64
address sizes	: 36 bits physical, 48 bits virtual
power management:

processor	: 2
vendor_id	: GenuineIntel
cpu family	: 6
model		: 58
model name	: Intel(R) Core(TM) i7-3632QM CPU @ 2.20GHz
stepping	: 9
microcode	: 0x1c
cpu MHz		: 1899.890
cache size	: 6144 KB
physical id	: 0
siblings	: 8
core id		: 1
cpu cores	: 4
apicid		: 2
initial apicid	: 2
fpu		: yes
fpu_exception	: yes
cpuid level	: 13
wp		: yes
flags		: fpu vme de pse tsc msr pae mce cx8 apic sep mtrr pge mca cmov pat pse36 clflush dts acpi mmx fxsr sse sse2 ss ht tm pbe syscall nx rdtscp lm constant_tsc arch_perfmon pebs bts rep_good nopl xtopology nonstop_tsc aperfmperf pni pclmulqdq dtes64 monitor ds_cpl vmx est tm2 ssse3 cx16 xtpr pdcm pcid sse4_1 sse4_2 x2apic popcnt tsc_deadline_timer aes xsave avx f16c rdrand lahf_lm epb tpr_shadow vnmi flexpriority ept vpid fsgsbase smep erms xsaveopt dtherm ida arat pln pts
bugs		:
bogomips	: 4394.03
clflush size	: 64
cache_alignment	: 64
address sizes	: 36 bits physical, 48 bits virtual
power management:

processor	: 3
vendor_id	: GenuineIntel
cpu family	: 6
model		: 58
model name	: Intel(R) Core(TM) i7-3632QM CPU @ 2.20GHz
stepping	: 9
microcode	: 0x1c
cpu MHz		: 1899.890
cache size	: 6144 KB
physical id	: 0
siblings	: 8
core id		: 1
cpu cores	: 4
apicid		: 3
initial apicid	: 3
fpu		: yes
fpu_exception	: yes
cpuid level	: 13
wp		: yes
flags		: fpu vme de pse tsc msr pae mce cx8 apic sep mtrr pge mca cmov pat pse36 clflush dts acpi mmx fxsr sse sse2 ss ht tm pbe syscall nx rdtscp lm constant_tsc arch_perfmon pebs bts rep_good nopl xtopology nonstop_tsc aperfmperf pni pclmulqdq dtes64 monitor ds_cpl vmx est tm2 ssse3 cx16 xtpr pdcm pcid sse4_1 sse4_2 x2apic popcnt tsc_deadline_timer aes xsave avx f16c rdrand lahf_lm epb tpr_shadow vnmi flexpriority ept vpid fsgsbase smep erms xsaveopt dtherm ida arat pln pts
bugs		:
bogomips	: 4394.20
clflush size	: 64
cache_alignment	: 64
address sizes	: 36 bits physical, 48 bits virtual
power management:

processor	: 4
vendor_id	: GenuineIntel
cpu family	: 6
model		: 58
model name	: Intel(R) Core(TM) i7-3632QM CPU @ 2.20GHz
stepping	: 9
microcode	: 0x1c
cpu MHz		: 1899.890
cache size	: 6144 KB
physical id	: 0
siblings	: 8
core id		: 2
cpu cores	: 4
apicid		: 4
initial apicid	: 4
fpu		: yes
fpu_exception	: yes
cpuid level	: 13
wp		: yes
flags		: fpu vme de pse tsc msr pae mce cx8 apic sep mtrr pge mca cmov pat pse36 clflush dts acpi mmx fxsr sse sse2 ss ht tm pbe syscall nx rdtscp lm constant_tsc arch_perfmon pebs bts rep_good nopl xtopology nonstop_tsc aperfmperf pni pclmulqdq dtes64 monitor ds_cpl vmx est tm2 ssse3 cx16 xtpr pdcm pcid sse4_1 sse4_2 x2apic popcnt tsc_deadline_timer aes xsave avx f16c rdrand lahf_lm epb tpr_shadow vnmi flexpriority ept vpid fsgsbase smep erms xsaveopt dtherm ida arat pln pts
bugs		:
bogomips	: 4394.26
clflush size	: 64
cache_alignment	: 64
address sizes	: 36 bits physical, 48 bits virtual
power management:

processor	: 5
vendor_id	: GenuineIntel
cpu family	: 6
model		: 58
model name	: Intel(R) Core(TM) i7-3632QM CPU @ 2.20GHz
stepping	: 9
microcode	: 0x1c
cpu MHz		: 1899.890
cache size	: 6144 KB
physical id	: 0
siblings	: 8
core id		: 2
cpu cores	: 4
apicid		: 5
initial apicid	: 5
fpu		: yes
fpu_exception	: yes
cpuid level	: 13
wp		: yes
flags		: fpu vme de pse tsc msr pae mce cx8 apic sep mtrr pge mca cmov pat pse36 clflush dts acpi mmx fxsr sse sse2 ss ht tm pbe syscall nx rdtscp lm constant_tsc arch_perfmon pebs bts rep_good nopl xtopology nonstop_tsc aperfmperf pni pclmulqdq dtes64 monitor ds_cpl vmx est tm2 ssse3 cx16 xtpr pdcm pcid sse4_1 sse4_2 x2apic popcnt tsc_deadline_timer aes xsave avx f16c rdrand lahf_lm epb tpr_shadow vnmi flexpriority ept vpid fsgsbase smep erms xsaveopt dtherm ida arat pln pts
bugs		:
bogomips	: 4394.18
clflush size	: 64
cache_alignment	: 64
address sizes	: 36 bits physical, 48 bits virtual
power management:

processor	: 6
vendor_id	: GenuineIntel
cpu family	: 6
model		: 58
model name	: Intel(R) Core(TM) i7-3632QM CPU @ 2.20GHz
stepping	: 9
microcode	: 0x1c
cpu MHz		: 1899.890
cache size	: 6144 KB
physical id	: 0
siblings	: 8
core id		: 3
cpu cores	: 4
apicid		: 6
initial apicid	: 6
fpu		: yes
fpu_exception	: yes
cpuid level	: 13
wp		: yes
flags		: fpu vme de pse tsc msr pae mce cx8 apic sep mtrr pge mca cmov pat pse36 clflush dts acpi mmx fxsr sse sse2 ss ht tm pbe syscall nx rdtscp lm constant_tsc arch_perfmon pebs bts rep_good nopl xtopology nonstop_tsc aperfmperf pni pclmulqdq dtes64 monitor ds_cpl vmx est tm2 ssse3 cx16 xtpr pdcm pcid sse4_1 sse4_2 x2apic popcnt tsc_deadline_timer aes xsave avx f16c rdrand lahf_lm epb tpr_shadow vnmi flexpriority ept vpid fsgsbase smep erms xsaveopt dtherm ida arat pln pts
bugs		:
bogomips	: 4394.31
clflush size	: 64
cache_alignment	: 64
address sizes	: 36 bits physical, 48 bits virtual
power management:

processor	: 7
vendor_id	: GenuineIntel
cpu family	: 6
model		: 58
model name	: Intel(R) Core(TM) i7-3632QM CPU @ 2.20GHz
stepping	: 9
microcode	: 0x1c
cpu MHz		: 1899.890
cache size	: 6144 KB
physical id	: 0
siblings	: 8
core id		: 3
cpu cores	: 4
apicid		: 7
initial apicid	: 7
fpu		: yes
fpu_exception	: yes
cpuid level	: 13
wp		: yes
flags		: fpu vme de pse tsc msr pae mce cx8 apic sep mtrr pge mca cmov pat pse36 clflush dts acpi mmx fxsr sse sse2 ss ht tm pbe syscall nx rdtscp lm constant_tsc arch_perfmon pebs bts rep_good nopl xtopology nonstop_tsc aperfmperf pni pclmulqdq dtes64 monitor ds_cpl vmx est tm2 ssse3 cx16 xtpr pdcm pcid sse4_1 sse4_2 x2apic popcnt tsc_deadline_timer aes xsave avx f16c rdrand lahf_lm epb tpr_shadow vnmi flexpriority ept vpid fsgsbase smep erms xsaveopt dtherm ida arat pln pts
bugs		:
bogomips	: 4394.22
clflush size	: 64
cache_alignment	: 64
address sizes	: 36 bits physical, 48 bits virtual
power management:



Memory: 4k page, physical 12150220k(220816k free), swap 6291452k(6291452k free)

vm_info: OpenJDK 64-Bit Server VM (25.131-b12) for linux-amd64 JRE (1.8.0_131-b12), built on Apr 21 2017 12:26:43 by "mockbuild" with gcc 6.3.1 20161221 (Red Hat 6.3.1-1)

time: Fri May 19 14:39:30 2017
elapsed time: 1520 seconds (0d 0h 25m 20s)

